cd build && make check
make[1]: Entering directory '/home/cc/cs162/sp22/class/cs162-acq/code/group/src/userprog/build'
pintos -v -k -T 60 --qemu  --filesys-size=2 -p tests/userprog/do-nothing -a do-nothing -- -q   -f run do-nothing < /dev/null 2> tests/userprog/do-nothing.errors > tests/userprog/do-nothing.output
perl -I../.. ../../tests/userprog/do-nothing.ck tests/userprog/do-nothing tests/userprog/do-nothing.result
pass tests/userprog/do-nothing
pintos -v -k -T 60 --qemu  --filesys-size=2 -p tests/userprog/stack-align-0 -a stack-align-0 -- -q   -f run stack-align-0 < /dev/null 2> tests/userprog/stack-align-0.errors > tests/userprog/stack-align-0.output
perl -I../.. ../../tests/userprog/stack-align-0.ck tests/userprog/stack-align-0 tests/userprog/stack-align-0.result
pass tests/userprog/stack-align-0
pintos -v -k -T 60 --qemu  --filesys-size=2 -p tests/userprog/args-none -a args-none -- -q   -f run args-none < /dev/null 2> tests/userprog/args-none.errors > tests/userprog/args-none.output
perl -I../.. ../../tests/userprog/args-none.ck tests/userprog/args-none tests/userprog/args-none.result
pass tests/userprog/args-none
pintos -v -k -T 60 --qemu  --filesys-size=2 -p tests/userprog/args-single -a args-single -- -q   -f run 'args-single onearg' < /dev/null 2> tests/userprog/args-single.errors > tests/userprog/args-single.output
perl -I../.. ../../tests/userprog/args-single.ck tests/userprog/args-single tests/userprog/args-single.result
pass tests/userprog/args-single
pintos -v -k -T 60 --qemu  --filesys-size=2 -p tests/userprog/args-multiple -a args-multiple -- -q   -f run 'args-multiple some arguments for you!' < /dev/null 2> tests/userprog/args-multiple.errors > tests/userprog/args-multiple.output
perl -I../.. ../../tests/userprog/args-multiple.ck tests/userprog/args-multiple tests/userprog/args-multiple.result
pass tests/userprog/args-multiple
pintos -v -k -T 60 --qemu  --filesys-size=2 -p tests/userprog/args-many -a args-many -- -q   -f run 'args-many a b c d e f g h i j k l m n o p q r s t u v' < /dev/null 2> tests/userprog/args-many.errors > tests/userprog/args-many.output
perl -I../.. ../../tests/userprog/args-many.ck tests/userprog/args-many tests/userprog/args-many.result
pass tests/userprog/args-many
pintos -v -k -T 60 --qemu  --filesys-size=2 -p tests/userprog/args-dbl-space -a args-dbl-space -- -q   -f run 'args-dbl-space two  spaces!' < /dev/null 2> tests/userprog/args-dbl-space.errors > tests/userprog/args-dbl-space.output
perl -I../.. ../../tests/userprog/args-dbl-space.ck tests/userprog/args-dbl-space tests/userprog/args-dbl-space.result
pass tests/userprog/args-dbl-space
pintos -v -k -T 60 --qemu  --filesys-size=2 -p tests/userprog/sc-bad-sp -a sc-bad-sp -- -q   -f run sc-bad-sp < /dev/null 2> tests/userprog/sc-bad-sp.errors > tests/userprog/sc-bad-sp.output
perl -I../.. ../../tests/userprog/sc-bad-sp.ck tests/userprog/sc-bad-sp tests/userprog/sc-bad-sp.result
pass tests/userprog/sc-bad-sp
pintos -v -k -T 60 --qemu  --filesys-size=2 -p tests/userprog/sc-bad-arg -a sc-bad-arg -- -q   -f run sc-bad-arg < /dev/null 2> tests/userprog/sc-bad-arg.errors > tests/userprog/sc-bad-arg.output
perl -I../.. ../../tests/userprog/sc-bad-arg.ck tests/userprog/sc-bad-arg tests/userprog/sc-bad-arg.result
pass tests/userprog/sc-bad-arg
pintos -v -k -T 60 --qemu  --filesys-size=2 -p tests/userprog/sc-boundary -a sc-boundary -- -q   -f run sc-boundary < /dev/null 2> tests/userprog/sc-boundary.errors > tests/userprog/sc-boundary.output
perl -I../.. ../../tests/userprog/sc-boundary.ck tests/userprog/sc-boundary tests/userprog/sc-boundary.result
pass tests/userprog/sc-boundary
pintos -v -k -T 60 --qemu  --filesys-size=2 -p tests/userprog/sc-boundary-2 -a sc-boundary-2 -- -q   -f run sc-boundary-2 < /dev/null 2> tests/userprog/sc-boundary-2.errors > tests/userprog/sc-boundary-2.output
perl -I../.. ../../tests/userprog/sc-boundary-2.ck tests/userprog/sc-boundary-2 tests/userprog/sc-boundary-2.result
pass tests/userprog/sc-boundary-2
pintos -v -k -T 60 --qemu  --filesys-size=2 -p tests/userprog/sc-boundary-3 -a sc-boundary-3 -- -q   -f run sc-boundary-3 < /dev/null 2> tests/userprog/sc-boundary-3.errors > tests/userprog/sc-boundary-3.output
perl -I../.. ../../tests/userprog/sc-boundary-3.ck tests/userprog/sc-boundary-3 tests/userprog/sc-boundary-3.result
pass tests/userprog/sc-boundary-3
pintos -v -k -T 60 --qemu  --filesys-size=2 -p tests/userprog/halt -a halt -- -q   -f run halt < /dev/null 2> tests/userprog/halt.errors > tests/userprog/halt.output
perl -I../.. ../../tests/userprog/halt.ck tests/userprog/halt tests/userprog/halt.result
pass tests/userprog/halt
pintos -v -k -T 60 --qemu  --filesys-size=2 -p tests/userprog/exit -a exit -- -q   -f run exit < /dev/null 2> tests/userprog/exit.errors > tests/userprog/exit.output
perl -I../.. ../../tests/userprog/exit.ck tests/userprog/exit tests/userprog/exit.result
pass tests/userprog/exit
pintos -v -k -T 60 --qemu  --filesys-size=2 -p tests/userprog/create-normal -a create-normal -- -q   -f run create-normal < /dev/null 2> tests/userprog/create-normal.errors > tests/userprog/create-normal.output
perl -I../.. ../../tests/userprog/create-normal.ck tests/userprog/create-normal tests/userprog/create-normal.result
pass tests/userprog/create-normal
pintos -v -k -T 60 --qemu  --filesys-size=2 -p tests/userprog/create-empty -a create-empty -- -q   -f run create-empty < /dev/null 2> tests/userprog/create-empty.errors > tests/userprog/create-empty.output
perl -I../.. ../../tests/userprog/create-empty.ck tests/userprog/create-empty tests/userprog/create-empty.result
pass tests/userprog/create-empty
pintos -v -k -T 60 --qemu  --filesys-size=2 -p tests/userprog/create-null -a create-null -- -q   -f run create-null < /dev/null 2> tests/userprog/create-null.errors > tests/userprog/create-null.output
perl -I../.. ../../tests/userprog/create-null.ck tests/userprog/create-null tests/userprog/create-null.result
FAIL tests/userprog/create-null
Kernel panic in run: PANIC at ../../filesys/directory.c:121 in dir_add(): assertion `name != NULL' failed.
Call stack: 0xc002a91c 0xc00305b2 0xc002fae7 0xc002f348 0xc002214c 0xc00223a2 0x804abbd 0x80480ae 0x80480f4 0x8048969
Translation of call stack:
In kernel.o:
0xc002a91c: debug_panic (/home/cc/cs162/sp22/class/cs162-acq/code/group/src/lib/kernel/debug.c:35)
0xc00305b2: dir_add (/home/cc/cs162/sp22/class/cs162-acq/code/group/src/filesys/directory.c:124)
0xc002fae7: filesys_create (/home/cc/cs162/sp22/class/cs162-acq/code/group/src/filesys/filesys.c:43)
0xc002f348: syscall_handler (/home/cc/cs162/sp22/class/cs162-acq/code/group/src/userprog/syscall.c:313)
0xc002214c: intr_handler (/home/cc/cs162/sp22/class/cs162-acq/code/group/src/threads/interrupt.c:339)
0xc00223a2: intr_entry (threads/intr-stubs.S:38)
In tests/userprog/create-null:
0x0804abbd: create (/home/cc/cs162/sp22/class/cs162-acq/code/group/src/lib/user/syscall.c:84)
0x080480ae: test_main (/home/cc/cs162/sp22/class/cs162-acq/code/group/src/tests/userprog/create-null.c:7)
0x080480f4: main (/home/cc/cs162/sp22/class/cs162-acq/code/group/src/tests/main.c:14)
0x08048969: _start (/home/cc/cs162/sp22/class/cs162-acq/code/group/src/lib/user/entry.c:6)
Translations of user virtual addresses above are based on a guess at
the binary to use.  If this guess is incorrect, then those
translations will be misleading.
pintos -v -k -T 60 --qemu  --filesys-size=2 -p tests/userprog/create-bad-ptr -a create-bad-ptr -- -q   -f run create-bad-ptr < /dev/null 2> tests/userprog/create-bad-ptr.errors > tests/userprog/create-bad-ptr.output
perl -I../.. ../../tests/userprog/create-bad-ptr.ck tests/userprog/create-bad-ptr tests/userprog/create-bad-ptr.result
FAIL tests/userprog/create-bad-ptr
Kernel panic in run: PANIC at ../../userprog/exception.c:92 in kill(): Kernel bug - unexpected interrupt in kernel
Call stack: 0xc002a91c 0xc002e9ed 0xc002eb0b 0xc002214c 0xc00223a2 0xc00305b5 0xc002fae7 0xc002f348 0xc002214c 0xc00223a2 0x804abbd 0x80480ae 0x80480f4 0x8048969
Translation of call stack:
In kernel.o:
0xc002a91c: debug_panic (/home/cc/cs162/sp22/class/cs162-acq/code/group/src/lib/kernel/debug.c:35)
0xc002e9ed: kill (/home/cc/cs162/sp22/class/cs162-acq/code/group/src/userprog/exception.c:97)
0xc002eb0b: page_fault (/home/cc/cs162/sp22/class/cs162-acq/code/group/src/userprog/exception.c:147)
0xc002214c: intr_handler (/home/cc/cs162/sp22/class/cs162-acq/code/group/src/threads/interrupt.c:339)
0xc00223a2: intr_entry (threads/intr-stubs.S:38)
0xc00305b5: dir_add (/home/cc/cs162/sp22/class/cs162-acq/code/group/src/filesys/directory.c:124)
0xc002fae7: filesys_create (/home/cc/cs162/sp22/class/cs162-acq/code/group/src/filesys/filesys.c:43)
0xc002f348: syscall_handler (/home/cc/cs162/sp22/class/cs162-acq/code/group/src/userprog/syscall.c:313)
0xc002214c: intr_handler (/home/cc/cs162/sp22/class/cs162-acq/code/group/src/threads/interrupt.c:339)
0xc00223a2: intr_entry (threads/intr-stubs.S:38)
In tests/userprog/create-bad-ptr:
0x0804abbd: create (/home/cc/cs162/sp22/class/cs162-acq/code/group/src/lib/user/syscall.c:84)
0x080480ae: test_main (/home/cc/cs162/sp22/class/cs162-acq/code/group/src/tests/userprog/create-bad-ptr.c:8)
0x080480f4: main (/home/cc/cs162/sp22/class/cs162-acq/code/group/src/tests/main.c:14)
0x08048969: _start (/home/cc/cs162/sp22/class/cs162-acq/code/group/src/lib/user/entry.c:6)
Translations of user virtual addresses above are based on a guess at
the binary to use.  If this guess is incorrect, then those
translations will be misleading.
pintos -v -k -T 60 --qemu  --filesys-size=2 -p tests/userprog/create-long -a create-long -- -q   -f run create-long < /dev/null 2> tests/userprog/create-long.errors > tests/userprog/create-long.output
perl -I../.. ../../tests/userprog/create-long.ck tests/userprog/create-long tests/userprog/create-long.result
pass tests/userprog/create-long
pintos -v -k -T 60 --qemu  --filesys-size=2 -p tests/userprog/create-exists -a create-exists -- -q   -f run create-exists < /dev/null 2> tests/userprog/create-exists.errors > tests/userprog/create-exists.output
perl -I../.. ../../tests/userprog/create-exists.ck tests/userprog/create-exists tests/userprog/create-exists.result
pass tests/userprog/create-exists
pintos -v -k -T 60 --qemu  --filesys-size=2 -p tests/userprog/create-bound -a create-bound -- -q   -f run create-bound < /dev/null 2> tests/userprog/create-bound.errors > tests/userprog/create-bound.output
perl -I../.. ../../tests/userprog/create-bound.ck tests/userprog/create-bound tests/userprog/create-bound.result
pass tests/userprog/create-bound
pintos -v -k -T 60 --qemu  --filesys-size=2 -p tests/userprog/open-normal -a open-normal -p ../../tests/userprog/sample.txt -a sample.txt -- -q   -f run open-normal < /dev/null 2> tests/userprog/open-normal.errors > tests/userprog/open-normal.output
perl -I../.. ../../tests/userprog/open-normal.ck tests/userprog/open-normal tests/userprog/open-normal.result
pass tests/userprog/open-normal
pintos -v -k -T 60 --qemu  --filesys-size=2 -p tests/userprog/open-missing -a open-missing -- -q   -f run open-missing < /dev/null 2> tests/userprog/open-missing.errors > tests/userprog/open-missing.output
perl -I../.. ../../tests/userprog/open-missing.ck tests/userprog/open-missing tests/userprog/open-missing.result
pass tests/userprog/open-missing
pintos -v -k -T 60 --qemu  --filesys-size=2 -p tests/userprog/open-boundary -a open-boundary -p ../../tests/userprog/sample.txt -a sample.txt -- -q   -f run open-boundary < /dev/null 2> tests/userprog/open-boundary.errors > tests/userprog/open-boundary.output
perl -I../.. ../../tests/userprog/open-boundary.ck tests/userprog/open-boundary tests/userprog/open-boundary.result
pass tests/userprog/open-boundary
pintos -v -k -T 60 --qemu  --filesys-size=2 -p tests/userprog/open-empty -a open-empty -- -q   -f run open-empty < /dev/null 2> tests/userprog/open-empty.errors > tests/userprog/open-empty.output
perl -I../.. ../../tests/userprog/open-empty.ck tests/userprog/open-empty tests/userprog/open-empty.result
pass tests/userprog/open-empty
pintos -v -k -T 60 --qemu  --filesys-size=2 -p tests/userprog/open-null -a open-null -- -q   -f run open-null < /dev/null 2> tests/userprog/open-null.errors > tests/userprog/open-null.output
perl -I../.. ../../tests/userprog/open-null.ck tests/userprog/open-null tests/userprog/open-null.result
pass tests/userprog/open-null
pintos -v -k -T 60 --qemu  --filesys-size=2 -p tests/userprog/open-bad-ptr -a open-bad-ptr -- -q   -f run open-bad-ptr < /dev/null 2> tests/userprog/open-bad-ptr.errors > tests/userprog/open-bad-ptr.output
perl -I../.. ../../tests/userprog/open-bad-ptr.ck tests/userprog/open-bad-ptr tests/userprog/open-bad-ptr.result
pass tests/userprog/open-bad-ptr
pintos -v -k -T 60 --qemu  --filesys-size=2 -p tests/userprog/open-twice -a open-twice -p ../../tests/userprog/sample.txt -a sample.txt -- -q   -f run open-twice < /dev/null 2> tests/userprog/open-twice.errors > tests/userprog/open-twice.output
perl -I../.. ../../tests/userprog/open-twice.ck tests/userprog/open-twice tests/userprog/open-twice.result
pass tests/userprog/open-twice
pintos -v -k -T 60 --qemu  --filesys-size=2 -p tests/userprog/close-normal -a close-normal -p ../../tests/userprog/sample.txt -a sample.txt -- -q   -f run close-normal < /dev/null 2> tests/userprog/close-normal.errors > tests/userprog/close-normal.output
perl -I../.. ../../tests/userprog/close-normal.ck tests/userprog/close-normal tests/userprog/close-normal.result
FAIL tests/userprog/close-normal
Kernel panic in run: PANIC at ../../threads/malloc.c:242 in block_to_arena(): assertion `a->magic == ARENA_MAGIC' failed.
Call stack: 0xc002a91c 0xc00243c7 0xc002422f 0xc002f59f 0xc002214c 0xc00223a2 0x804acb9 0x80480de 0x8048111 0x8048986
Translation of call stack:
In kernel.o:
0xc002a91c: debug_panic (/home/cc/cs162/sp22/class/cs162-acq/code/group/src/lib/kernel/debug.c:35)
0xc00243c7: block_to_arena (/home/cc/cs162/sp22/class/cs162-acq/code/group/src/threads/malloc.c:245)
0xc002422f: free (/home/cc/cs162/sp22/class/cs162-acq/code/group/src/threads/malloc.c:199)
0xc002f59f: syscall_handler (/home/cc/cs162/sp22/class/cs162-acq/code/group/src/userprog/syscall.c:376)
0xc002214c: intr_handler (/home/cc/cs162/sp22/class/cs162-acq/code/group/src/threads/interrupt.c:339)
0xc00223a2: intr_entry (threads/intr-stubs.S:38)
In tests/userprog/close-normal:
0x0804acb9: close (/home/cc/cs162/sp22/class/cs162-acq/code/group/src/lib/user/syscall.c:103)
0x080480de: test_main (/home/cc/cs162/sp22/class/cs162-acq/code/group/src/tests/userprog/close-normal.c:12)
0x08048111: main (/home/cc/cs162/sp22/class/cs162-acq/code/group/src/tests/main.c:14)
0x08048986: _start (/home/cc/cs162/sp22/class/cs162-acq/code/group/src/lib/user/entry.c:6)
Translations of user virtual addresses above are based on a guess at
the binary to use.  If this guess is incorrect, then those
translations will be misleading.
pintos -v -k -T 60 --qemu  --filesys-size=2 -p tests/userprog/close-twice -a close-twice -p ../../tests/userprog/sample.txt -a sample.txt -- -q   -f run close-twice < /dev/null 2> tests/userprog/close-twice.errors > tests/userprog/close-twice.output
perl -I../.. ../../tests/userprog/close-twice.ck tests/userprog/close-twice tests/userprog/close-twice.result
FAIL tests/userprog/close-twice
Kernel panic in run: PANIC at ../../threads/malloc.c:242 in block_to_arena(): assertion `a->magic == ARENA_MAGIC' failed.
Call stack: 0xc002a91c 0xc00243c7 0xc002422f 0xc002f59f 0xc002214c 0xc00223a2 0x804acd0 0x80480de 0x8048128 0x804899d
Translation of call stack:
In kernel.o:
0xc002a91c: debug_panic (/home/cc/cs162/sp22/class/cs162-acq/code/group/src/lib/kernel/debug.c:35)
0xc00243c7: block_to_arena (/home/cc/cs162/sp22/class/cs162-acq/code/group/src/threads/malloc.c:245)
0xc002422f: free (/home/cc/cs162/sp22/class/cs162-acq/code/group/src/threads/malloc.c:199)
0xc002f59f: syscall_handler (/home/cc/cs162/sp22/class/cs162-acq/code/group/src/userprog/syscall.c:376)
0xc002214c: intr_handler (/home/cc/cs162/sp22/class/cs162-acq/code/group/src/threads/interrupt.c:339)
0xc00223a2: intr_entry (threads/intr-stubs.S:38)
In tests/userprog/close-twice:
0x0804acd0: close (/home/cc/cs162/sp22/class/cs162-acq/code/group/src/lib/user/syscall.c:103)
0x080480de: test_main (/home/cc/cs162/sp22/class/cs162-acq/code/group/src/tests/userprog/close-twice.c:14)
0x08048128: main (/home/cc/cs162/sp22/class/cs162-acq/code/group/src/tests/main.c:14)
0x0804899d: _start (/home/cc/cs162/sp22/class/cs162-acq/code/group/src/lib/user/entry.c:6)
Translations of user virtual addresses above are based on a guess at
the binary to use.  If this guess is incorrect, then those
translations will be misleading.
pintos -v -k -T 60 --qemu  --filesys-size=2 -p tests/userprog/close-stdin -a close-stdin -- -q   -f run close-stdin < /dev/null 2> tests/userprog/close-stdin.errors > tests/userprog/close-stdin.output
perl -I../.. ../../tests/userprog/close-stdin.ck tests/userprog/close-stdin tests/userprog/close-stdin.result
pass tests/userprog/close-stdin
pintos -v -k -T 60 --qemu  --filesys-size=2 -p tests/userprog/close-stdout -a close-stdout -- -q   -f run close-stdout < /dev/null 2> tests/userprog/close-stdout.errors > tests/userprog/close-stdout.output
perl -I../.. ../../tests/userprog/close-stdout.ck tests/userprog/close-stdout tests/userprog/close-stdout.result
pass tests/userprog/close-stdout
pintos -v -k -T 60 --qemu  --filesys-size=2 -p tests/userprog/close-bad-fd -a close-bad-fd -- -q   -f run close-bad-fd < /dev/null 2> tests/userprog/close-bad-fd.errors > tests/userprog/close-bad-fd.output
perl -I../.. ../../tests/userprog/close-bad-fd.ck tests/userprog/close-bad-fd tests/userprog/close-bad-fd.result
pass tests/userprog/close-bad-fd
pintos -v -k -T 60 --qemu  --filesys-size=2 -p tests/userprog/read-normal -a read-normal -p ../../tests/userprog/sample.txt -a sample.txt -- -q   -f run read-normal < /dev/null 2> tests/userprog/read-normal.errors > tests/userprog/read-normal.output
perl -I../.. ../../tests/userprog/read-normal.ck tests/userprog/read-normal tests/userprog/read-normal.result
FAIL tests/userprog/read-normal
Kernel panic in run: PANIC at ../../threads/malloc.c:242 in block_to_arena(): assertion `a->magic == ARENA_MAGIC' failed.
Call stack: 0xc002a91c 0xc00243c7 0xc002422f 0xc002f59f 0xc002214c 0xc00223a2 0x804ac91 0x80487b2 0x80480b6 0x80480e9 0x804895e
Translation of call stack:
In kernel.o:
0xc002a91c: debug_panic (/home/cc/cs162/sp22/class/cs162-acq/code/group/src/lib/kernel/debug.c:35)
0xc00243c7: block_to_arena (/home/cc/cs162/sp22/class/cs162-acq/code/group/src/threads/malloc.c:245)
0xc002422f: free (/home/cc/cs162/sp22/class/cs162-acq/code/group/src/threads/malloc.c:199)
0xc002f59f: syscall_handler (/home/cc/cs162/sp22/class/cs162-acq/code/group/src/userprog/syscall.c:376)
0xc002214c: intr_handler (/home/cc/cs162/sp22/class/cs162-acq/code/group/src/threads/interrupt.c:339)
0xc00223a2: intr_entry (threads/intr-stubs.S:38)
In tests/userprog/read-normal:
0x0804ac91: close (/home/cc/cs162/sp22/class/cs162-acq/code/group/src/lib/user/syscall.c:103)
0x080487b2: check_file (/home/cc/cs162/sp22/class/cs162-acq/code/group/src/tests/lib.c:184)
0x080480b6: test_main (/home/cc/cs162/sp22/class/cs162-acq/code/group/src/tests/userprog/read-normal.c:7)
0x080480e9: main (/home/cc/cs162/sp22/class/cs162-acq/code/group/src/tests/main.c:14)
0x0804895e: _start (/home/cc/cs162/sp22/class/cs162-acq/code/group/src/lib/user/entry.c:6)
Translations of user virtual addresses above are based on a guess at
the binary to use.  If this guess is incorrect, then those
translations will be misleading.
pintos -v -k -T 60 --qemu  --filesys-size=2 -p tests/userprog/read-bad-ptr -a read-bad-ptr -p ../../tests/userprog/sample.txt -a sample.txt -- -q   -f run read-bad-ptr < /dev/null 2> tests/userprog/read-bad-ptr.errors > tests/userprog/read-bad-ptr.output
perl -I../.. ../../tests/userprog/read-bad-ptr.ck tests/userprog/read-bad-ptr tests/userprog/read-bad-ptr.result
pass tests/userprog/read-bad-ptr
pintos -v -k -T 60 --qemu  --filesys-size=2 -p tests/userprog/read-boundary -a read-boundary -p ../../tests/userprog/sample.txt -a sample.txt -- -q   -f run read-boundary < /dev/null 2> tests/userprog/read-boundary.errors > tests/userprog/read-boundary.output
perl -I../.. ../../tests/userprog/read-boundary.ck tests/userprog/read-boundary tests/userprog/read-boundary.result
pass tests/userprog/read-boundary
pintos -v -k -T 60 --qemu  --filesys-size=2 -p tests/userprog/read-zero -a read-zero -p ../../tests/userprog/sample.txt -a sample.txt -- -q   -f run read-zero < /dev/null 2> tests/userprog/read-zero.errors > tests/userprog/read-zero.output
perl -I../.. ../../tests/userprog/read-zero.ck tests/userprog/read-zero tests/userprog/read-zero.result
pass tests/userprog/read-zero
pintos -v -k -T 60 --qemu  --filesys-size=2 -p tests/userprog/read-stdout -a read-stdout -- -q   -f run read-stdout < /dev/null 2> tests/userprog/read-stdout.errors > tests/userprog/read-stdout.output
perl -I../.. ../../tests/userprog/read-stdout.ck tests/userprog/read-stdout tests/userprog/read-stdout.result
pass tests/userprog/read-stdout
pintos -v -k -T 60 --qemu  --filesys-size=2 -p tests/userprog/read-bad-fd -a read-bad-fd -- -q   -f run read-bad-fd < /dev/null 2> tests/userprog/read-bad-fd.errors > tests/userprog/read-bad-fd.output
perl -I../.. ../../tests/userprog/read-bad-fd.ck tests/userprog/read-bad-fd tests/userprog/read-bad-fd.result
FAIL tests/userprog/read-bad-fd
Kernel panic in run: PANIC at ../../userprog/exception.c:92 in kill(): Kernel bug - unexpected interrupt in kernel
Call stack: 0xc002a91c 0xc002e9ed 0xc002eb0b 0xc002214c 0xc00223a2 0xc002f046 0xc002f2e0 0xc002214c 0xc00223a2 0x804acc6 0x80480b5 0x804818a 0x80489ff
Translation of call stack:
In kernel.o:
0xc002a91c: debug_panic (/home/cc/cs162/sp22/class/cs162-acq/code/group/src/lib/kernel/debug.c:35)
0xc002e9ed: kill (/home/cc/cs162/sp22/class/cs162-acq/code/group/src/userprog/exception.c:97)
0xc002eb0b: page_fault (/home/cc/cs162/sp22/class/cs162-acq/code/group/src/userprog/exception.c:147)
0xc002214c: intr_handler (/home/cc/cs162/sp22/class/cs162-acq/code/group/src/threads/interrupt.c:339)
0xc00223a2: intr_entry (threads/intr-stubs.S:38)
0xc002f046: do_read (/home/cc/cs162/sp22/class/cs162-acq/code/group/src/userprog/syscall.c:189)
0xc002f2e0: syscall_handler (/home/cc/cs162/sp22/class/cs162-acq/code/group/src/userprog/syscall.c:302)
0xc002214c: intr_handler (/home/cc/cs162/sp22/class/cs162-acq/code/group/src/threads/interrupt.c:339)
0xc00223a2: intr_entry (threads/intr-stubs.S:38)
In tests/userprog/read-bad-fd:
0x0804acc6: read (/home/cc/cs162/sp22/class/cs162-acq/code/group/src/lib/user/syscall.c:93)
0x080480b5: test_main (/home/cc/cs162/sp22/class/cs162-acq/code/group/src/tests/userprog/read-bad-fd.c:13)
0x0804818a: main (/home/cc/cs162/sp22/class/cs162-acq/code/group/src/tests/main.c:14)
0x080489ff: _start (/home/cc/cs162/sp22/class/cs162-acq/code/group/src/lib/user/entry.c:6)
Translations of user virtual addresses above are based on a guess at
the binary to use.  If this guess is incorrect, then those
translations will be misleading.
pintos -v -k -T 60 --qemu  --filesys-size=2 -p tests/userprog/write-normal -a write-normal -p ../../tests/userprog/sample.txt -a sample.txt -- -q   -f run write-normal < /dev/null 2> tests/userprog/write-normal.errors > tests/userprog/write-normal.output
perl -I../.. ../../tests/userprog/write-normal.ck tests/userprog/write-normal tests/userprog/write-normal.result
pass tests/userprog/write-normal
pintos -v -k -T 60 --qemu  --filesys-size=2 -p tests/userprog/write-bad-ptr -a write-bad-ptr -p ../../tests/userprog/sample.txt -a sample.txt -- -q   -f run write-bad-ptr < /dev/null 2> tests/userprog/write-bad-ptr.errors > tests/userprog/write-bad-ptr.output
perl -I../.. ../../tests/userprog/write-bad-ptr.ck tests/userprog/write-bad-ptr tests/userprog/write-bad-ptr.result
FAIL tests/userprog/write-bad-ptr
Kernel panic in run: PANIC at ../../userprog/exception.c:92 in kill(): Kernel bug - unexpected interrupt in kernel
Call stack: 0xc002a91c 0xc002e9ed 0xc002eb0b 0xc002214c 0xc00223a2 0xc0029b75 0xc002f0df 0xc002f2f7 0xc002214c 0xc00223a2 0x804ac7b 0x80480e2 0x804811e 0x8048993
Translation of call stack:
In kernel.o:
0xc002a91c: debug_panic (/home/cc/cs162/sp22/class/cs162-acq/code/group/src/lib/kernel/debug.c:35)
0xc002e9ed: kill (/home/cc/cs162/sp22/class/cs162-acq/code/group/src/userprog/exception.c:97)
0xc002eb0b: page_fault (/home/cc/cs162/sp22/class/cs162-acq/code/group/src/userprog/exception.c:147)
0xc002214c: intr_handler (/home/cc/cs162/sp22/class/cs162-acq/code/group/src/threads/interrupt.c:339)
0xc00223a2: intr_entry (threads/intr-stubs.S:38)
0xc0029b75: strlen (/home/cc/cs162/sp22/class/cs162-acq/code/group/src/lib/string.c:266)
0xc002f0df: write_syscall (/home/cc/cs162/sp22/class/cs162-acq/code/group/src/userprog/syscall.c:200)
0xc002f2f7: syscall_handler (/home/cc/cs162/sp22/class/cs162-acq/code/group/src/userprog/syscall.c:306)
0xc002214c: intr_handler (/home/cc/cs162/sp22/class/cs162-acq/code/group/src/threads/interrupt.c:339)
0xc00223a2: intr_entry (threads/intr-stubs.S:38)
In tests/userprog/write-bad-ptr:
0x0804ac7b: write (/home/cc/cs162/sp22/class/cs162-acq/code/group/src/lib/user/syscall.c:96)
0x080480e2: test_main (/home/cc/cs162/sp22/class/cs162-acq/code/group/src/tests/userprog/write-bad-ptr.c:13)
0x0804811e: main (/home/cc/cs162/sp22/class/cs162-acq/code/group/src/tests/main.c:14)
0x08048993: _start (/home/cc/cs162/sp22/class/cs162-acq/code/group/src/lib/user/entry.c:6)
Translations of user virtual addresses above are based on a guess at
the binary to use.  If this guess is incorrect, then those
translations will be misleading.
pintos -v -k -T 60 --qemu  --filesys-size=2 -p tests/userprog/write-boundary -a write-boundary -p ../../tests/userprog/sample.txt -a sample.txt -- -q   -f run write-boundary < /dev/null 2> tests/userprog/write-boundary.errors > tests/userprog/write-boundary.output
perl -I../.. ../../tests/userprog/write-boundary.ck tests/userprog/write-boundary tests/userprog/write-boundary.result
pass tests/userprog/write-boundary
pintos -v -k -T 60 --qemu  --filesys-size=2 -p tests/userprog/write-zero -a write-zero -p ../../tests/userprog/sample.txt -a sample.txt -- -q   -f run write-zero < /dev/null 2> tests/userprog/write-zero.errors > tests/userprog/write-zero.output
perl -I../.. ../../tests/userprog/write-zero.ck tests/userprog/write-zero tests/userprog/write-zero.result
pass tests/userprog/write-zero
pintos -v -k -T 60 --qemu  --filesys-size=2 -p tests/userprog/write-stdin -a write-stdin -- -q   -f run write-stdin < /dev/null 2> tests/userprog/write-stdin.errors > tests/userprog/write-stdin.output
perl -I../.. ../../tests/userprog/write-stdin.ck tests/userprog/write-stdin tests/userprog/write-stdin.result
pass tests/userprog/write-stdin
pintos -v -k -T 60 --qemu  --filesys-size=2 -p tests/userprog/write-bad-fd -a write-bad-fd -- -q   -f run write-bad-fd < /dev/null 2> tests/userprog/write-bad-fd.errors > tests/userprog/write-bad-fd.output
perl -I../.. ../../tests/userprog/write-bad-fd.ck tests/userprog/write-bad-fd tests/userprog/write-bad-fd.result
pass tests/userprog/write-bad-fd
pintos -v -k -T 60 --qemu  --filesys-size=2 -p tests/userprog/exec-once -a exec-once -p tests/userprog/child-simple -a child-simple -- -q   -f run exec-once < /dev/null 2> tests/userprog/exec-once.errors > tests/userprog/exec-once.output
perl -I../.. ../../tests/userprog/exec-once.ck tests/userprog/exec-once tests/userprog/exec-once.result
FAIL tests/userprog/exec-once
Test output failed to match any acceptable form.

Acceptable output:
  (exec-once) begin
  (child-simple) run
  child-simple: exit(81)
  (exec-once) end
  exec-once: exit(0)
Differences in `diff -u' format:
  (exec-once) begin
- (child-simple) run
- child-simple: exit(81)
  (exec-once) end
  exec-once: exit(0)
pintos -v -k -T 60 --qemu  --filesys-size=2 -p tests/userprog/exec-arg -a exec-arg -p tests/userprog/child-args -a child-args -- -q   -f run exec-arg < /dev/null 2> tests/userprog/exec-arg.errors > tests/userprog/exec-arg.output
perl -I../.. ../../tests/userprog/exec-arg.ck tests/userprog/exec-arg tests/userprog/exec-arg.result
FAIL tests/userprog/exec-arg
Test output failed to match any acceptable form.

Acceptable output:
  (exec-arg) begin
  (args) begin
  (args) argc = 2
  (args) argv[0] = 'child-args'
  (args) argv[1] = 'childarg'
  (args) argv[2] = null
  (args) end
  child-args: exit(0)
  (exec-arg) end
  exec-arg: exit(0)
Differences in `diff -u' format:
  (exec-arg) begin
- (args) begin
- (args) argc = 2
- (args) argv[0] = 'child-args'
- (args) argv[1] = 'childarg'
- (args) argv[2] = null
- (args) end
- child-args: exit(0)
  (exec-arg) end
  exec-arg: exit(0)
pintos -v -k -T 60 --qemu  --filesys-size=2 -p tests/userprog/exec-bound -a exec-bound -p tests/userprog/child-args -a child-args -- -q   -f run exec-bound < /dev/null 2> tests/userprog/exec-bound.errors > tests/userprog/exec-bound.output
perl -I../.. ../../tests/userprog/exec-bound.ck tests/userprog/exec-bound tests/userprog/exec-bound.result
FAIL tests/userprog/exec-bound
Test output failed to match any acceptable form.

Acceptable output:
  (exec-bound) begin
  (args) begin
  (args) argc = 3
  (args) argv[0] = 'child-args'
  (args) argv[1] = 'arg1'
  (args) argv[2] = 'arg2'
  (args) argv[3] = null
  (args) end
  child-args: exit(0)
  (exec-bound) end
  exec-bound: exit(0)
Differences in `diff -u' format:
  (exec-bound) begin
- (args) begin
- (args) argc = 3
- (args) argv[0] = 'child-args'
- (args) argv[1] = 'arg1'
- (args) argv[2] = 'arg2'
- (args) argv[3] = null
- (args) end
- child-args: exit(0)
  (exec-bound) end
  exec-bound: exit(0)
pintos -v -k -T 60 --qemu  --filesys-size=2 -p tests/userprog/exec-bound-2 -a exec-bound-2 -- -q   -f run exec-bound-2 < /dev/null 2> tests/userprog/exec-bound-2.errors > tests/userprog/exec-bound-2.output
perl -I../.. ../../tests/userprog/exec-bound-2.ck tests/userprog/exec-bound-2 tests/userprog/exec-bound-2.result
pass tests/userprog/exec-bound-2
pintos -v -k -T 60 --qemu  --filesys-size=2 -p tests/userprog/exec-bound-3 -a exec-bound-3 -- -q   -f run exec-bound-3 < /dev/null 2> tests/userprog/exec-bound-3.errors > tests/userprog/exec-bound-3.output
perl -I../.. ../../tests/userprog/exec-bound-3.ck tests/userprog/exec-bound-3 tests/userprog/exec-bound-3.result
FAIL tests/userprog/exec-bound-3
run: should have killed process: FAILED
pintos -v -k -T 60 --qemu  --filesys-size=2 -p tests/userprog/exec-multiple -a exec-multiple -p tests/userprog/child-simple -a child-simple -- -q   -f run exec-multiple < /dev/null 2> tests/userprog/exec-multiple.errors > tests/userprog/exec-multiple.output
perl -I../.. ../../tests/userprog/exec-multiple.ck tests/userprog/exec-multiple tests/userprog/exec-multiple.result
FAIL tests/userprog/exec-multiple
Test output failed to match any acceptable form.

Acceptable output:
  (exec-multiple) begin
  (child-simple) run
  child-simple: exit(81)
  (child-simple) run
  child-simple: exit(81)
  (child-simple) run
  child-simple: exit(81)
  (child-simple) run
  child-simple: exit(81)
  (exec-multiple) end
  exec-multiple: exit(0)
Differences in `diff -u' format:
  (exec-multiple) begin
- (child-simple) run
- child-simple: exit(81)
- (child-simple) run
- child-simple: exit(81)
- (child-simple) run
- child-simple: exit(81)
- (child-simple) run
- child-simple: exit(81)
  (exec-multiple) end
  exec-multiple: exit(0)
pintos -v -k -T 60 --qemu  --filesys-size=2 -p tests/userprog/exec-missing -a exec-missing -- -q   -f run exec-missing < /dev/null 2> tests/userprog/exec-missing.errors > tests/userprog/exec-missing.output
perl -I../.. ../../tests/userprog/exec-missing.ck tests/userprog/exec-missing tests/userprog/exec-missing.result
FAIL tests/userprog/exec-missing
Test output failed to match any acceptable form.

Acceptable output:
  (exec-missing) begin
  (exec-missing) exec("no-such-file"): -1
  (exec-missing) end
  exec-missing: exit(0)
Differences in `diff -u' format:
  (exec-missing) begin
- (exec-missing) exec("no-such-file"): -1
+ (exec-missing) exec("no-such-file"): 0
  (exec-missing) end
  exec-missing: exit(0)
Acceptable output:
  (exec-missing) begin
  load: no-such-file: open failed
  no-such-file: exit(-1)
  (exec-missing) exec("no-such-file"): -1
  (exec-missing) end
  exec-missing: exit(0)
Differences in `diff -u' format:
  (exec-missing) begin
- load: no-such-file: open failed
- no-such-file: exit(-1)
- (exec-missing) exec("no-such-file"): -1
+ (exec-missing) exec("no-such-file"): 0
  (exec-missing) end
  exec-missing: exit(0)
Acceptable output:
  (exec-missing) begin
  load: no-such-file: open failed
  (exec-missing) exec("no-such-file"): -1
  no-such-file: exit(-1)
  (exec-missing) end
  exec-missing: exit(0)
Differences in `diff -u' format:
  (exec-missing) begin
- load: no-such-file: open failed
- (exec-missing) exec("no-such-file"): -1
- no-such-file: exit(-1)
+ (exec-missing) exec("no-such-file"): 0
  (exec-missing) end
  exec-missing: exit(0)
Acceptable output:
  (exec-missing) begin
  load: no-such-file: open failed
  (exec-missing) exec("no-such-file"): -1
  (exec-missing) end
  exec-missing: exit(0)
Differences in `diff -u' format:
  (exec-missing) begin
- load: no-such-file: open failed
- (exec-missing) exec("no-such-file"): -1
+ (exec-missing) exec("no-such-file"): 0
  (exec-missing) end
  exec-missing: exit(0)
pintos -v -k -T 60 --qemu  --filesys-size=2 -p tests/userprog/exec-bad-ptr -a exec-bad-ptr -- -q   -f run exec-bad-ptr < /dev/null 2> tests/userprog/exec-bad-ptr.errors > tests/userprog/exec-bad-ptr.output
perl -I../.. ../../tests/userprog/exec-bad-ptr.ck tests/userprog/exec-bad-ptr tests/userprog/exec-bad-ptr.result
pass tests/userprog/exec-bad-ptr
pintos -v -k -T 60 --qemu  --filesys-size=2 -p tests/userprog/wait-simple -a wait-simple -p tests/userprog/child-simple -a child-simple -- -q   -f run wait-simple < /dev/null 2> tests/userprog/wait-simple.errors > tests/userprog/wait-simple.output
perl -I../.. ../../tests/userprog/wait-simple.ck tests/userprog/wait-simple tests/userprog/wait-simple.result
FAIL tests/userprog/wait-simple
Test output failed to match any acceptable form.

Acceptable output:
  (wait-simple) begin
  (child-simple) run
  child-simple: exit(81)
  (wait-simple) wait(exec()) = 81
  (wait-simple) end
  wait-simple: exit(0)
Differences in `diff -u' format:
  (wait-simple) begin
- (child-simple) run
- child-simple: exit(81)
- (wait-simple) wait(exec()) = 81
+ (wait-simple) wait(exec()) = 0
  (wait-simple) end
  wait-simple: exit(0)
pintos -v -k -T 60 --qemu  --filesys-size=2 -p tests/userprog/wait-twice -a wait-twice -p tests/userprog/child-simple -a child-simple -- -q   -f run wait-twice < /dev/null 2> tests/userprog/wait-twice.errors > tests/userprog/wait-twice.output
perl -I../.. ../../tests/userprog/wait-twice.ck tests/userprog/wait-twice tests/userprog/wait-twice.result
FAIL tests/userprog/wait-twice
Test output failed to match any acceptable form.

Acceptable output:
  (wait-twice) begin
  (child-simple) run
  child-simple: exit(81)
  (wait-twice) wait(exec()) = 81
  (wait-twice) wait(exec()) = -1
  (wait-twice) end
  wait-twice: exit(0)
Differences in `diff -u' format:
  (wait-twice) begin
- (child-simple) run
- child-simple: exit(81)
- (wait-twice) wait(exec()) = 81
- (wait-twice) wait(exec()) = -1
+ (wait-twice) wait(exec()) = 0
+ (wait-twice) wait(exec()) = 0
  (wait-twice) end
  wait-twice: exit(0)
pintos -v -k -T 60 --qemu  --filesys-size=2 -p tests/userprog/wait-killed -a wait-killed -p tests/userprog/child-bad -a child-bad -- -q   -f run wait-killed < /dev/null 2> tests/userprog/wait-killed.errors > tests/userprog/wait-killed.output
perl -I../.. ../../tests/userprog/wait-killed.ck tests/userprog/wait-killed tests/userprog/wait-killed.result
FAIL tests/userprog/wait-killed
Test output failed to match any acceptable form.

Acceptable output:
  (wait-killed) begin
  (child-bad) begin
  child-bad: exit(-1)
  (wait-killed) wait(exec()) = -1
  (wait-killed) end
  wait-killed: exit(0)
Differences in `diff -u' format:
  (wait-killed) begin
- (child-bad) begin
- child-bad: exit(-1)
- (wait-killed) wait(exec()) = -1
+ (wait-killed) wait(exec()) = 0
  (wait-killed) end
  wait-killed: exit(0)
pintos -v -k -T 60 --qemu  --filesys-size=2 -p tests/userprog/wait-bad-pid -a wait-bad-pid -- -q   -f run wait-bad-pid < /dev/null 2> tests/userprog/wait-bad-pid.errors > tests/userprog/wait-bad-pid.output
perl -I../.. ../../tests/userprog/wait-bad-pid.ck tests/userprog/wait-bad-pid tests/userprog/wait-bad-pid.result
pass tests/userprog/wait-bad-pid
pintos -v -k -T 60 --qemu  --filesys-size=2 -p tests/userprog/multi-recurse -a multi-recurse -- -q   -f run 'multi-recurse 15' < /dev/null 2> tests/userprog/multi-recurse.errors > tests/userprog/multi-recurse.output
perl -I../.. ../../tests/userprog/multi-recurse.ck tests/userprog/multi-recurse tests/userprog/multi-recurse.result
FAIL tests/userprog/multi-recurse
run: wait(exec("multi-recurse 14")) returned -1073742060: FAILED
pintos -v -k -T 60 --qemu  --filesys-size=2 -p tests/userprog/multi-child-fd -a multi-child-fd -p ../../tests/userprog/sample.txt -a sample.txt -p tests/userprog/child-close -a child-close -- -q   -f run multi-child-fd < /dev/null 2> tests/userprog/multi-child-fd.errors > tests/userprog/multi-child-fd.output
perl -I../.. ../../tests/userprog/multi-child-fd.ck tests/userprog/multi-child-fd tests/userprog/multi-child-fd.result
FAIL tests/userprog/multi-child-fd
Test output failed to match any acceptable form.

Acceptable output:
  (multi-child-fd) begin
  (multi-child-fd) open "sample.txt"
  (child-close) begin
  (child-close) end
  child-close: exit(0)
  (multi-child-fd) wait(exec()) = 0
  (multi-child-fd) verified contents of "sample.txt"
  (multi-child-fd) end
  multi-child-fd: exit(0)
Differences in `diff -u' format:
  (multi-child-fd) begin
  (multi-child-fd) open "sample.txt"
- (child-close) begin
- (child-close) end
- child-close: exit(0)
- (multi-child-fd) wait(exec()) = 0
+ (multi-child-fd) wait(exec()) = -1073742068
  (multi-child-fd) verified contents of "sample.txt"
  (multi-child-fd) end
  multi-child-fd: exit(0)
Acceptable output:
  (multi-child-fd) begin
  (multi-child-fd) open "sample.txt"
  (child-close) begin
  child-close: exit(-1)
  (multi-child-fd) wait(exec()) = -1
  (multi-child-fd) verified contents of "sample.txt"
  (multi-child-fd) end
  multi-child-fd: exit(0)
Differences in `diff -u' format:
  (multi-child-fd) begin
  (multi-child-fd) open "sample.txt"
- (child-close) begin
- child-close: exit(-1)
- (multi-child-fd) wait(exec()) = -1
+ (multi-child-fd) wait(exec()) = -1073742068
  (multi-child-fd) verified contents of "sample.txt"
  (multi-child-fd) end
  multi-child-fd: exit(0)
pintos -v -k -T 60 --qemu  --filesys-size=2 -p tests/userprog/rox-simple -a rox-simple -- -q   -f run rox-simple < /dev/null 2> tests/userprog/rox-simple.errors > tests/userprog/rox-simple.output
perl -I../.. ../../tests/userprog/rox-simple.ck tests/userprog/rox-simple tests/userprog/rox-simple.result
FAIL tests/userprog/rox-simple
run: try to write "rox-simple": FAILED
pintos -v -k -T 60 --qemu  --filesys-size=2 -p tests/userprog/rox-child -a rox-child -p tests/userprog/child-rox -a child-rox -- -q   -f run rox-child < /dev/null 2> tests/userprog/rox-child.errors > tests/userprog/rox-child.output
perl -I../.. ../../tests/userprog/rox-child.ck tests/userprog/rox-child tests/userprog/rox-child.result
FAIL tests/userprog/rox-child
run: wait for child: FAILED
pintos -v -k -T 60 --qemu  --filesys-size=2 -p tests/userprog/rox-multichild -a rox-multichild -p tests/userprog/child-rox -a child-rox -- -q   -f run rox-multichild < /dev/null 2> tests/userprog/rox-multichild.errors > tests/userprog/rox-multichild.output
perl -I../.. ../../tests/userprog/rox-multichild.ck tests/userprog/rox-multichild tests/userprog/rox-multichild.result
FAIL tests/userprog/rox-multichild
run: wait for child: FAILED
pintos -v -k -T 60 --qemu  --filesys-size=2 -p tests/userprog/bad-read -a bad-read -- -q   -f run bad-read < /dev/null 2> tests/userprog/bad-read.errors > tests/userprog/bad-read.output
perl -I../.. ../../tests/userprog/bad-read.ck tests/userprog/bad-read tests/userprog/bad-read.result
pass tests/userprog/bad-read
pintos -v -k -T 60 --qemu  --filesys-size=2 -p tests/userprog/bad-write -a bad-write -- -q   -f run bad-write < /dev/null 2> tests/userprog/bad-write.errors > tests/userprog/bad-write.output
perl -I../.. ../../tests/userprog/bad-write.ck tests/userprog/bad-write tests/userprog/bad-write.result
pass tests/userprog/bad-write
pintos -v -k -T 60 --qemu  --filesys-size=2 -p tests/userprog/bad-read2 -a bad-read2 -- -q   -f run bad-read2 < /dev/null 2> tests/userprog/bad-read2.errors > tests/userprog/bad-read2.output
perl -I../.. ../../tests/userprog/bad-read2.ck tests/userprog/bad-read2 tests/userprog/bad-read2.result
pass tests/userprog/bad-read2
pintos -v -k -T 60 --qemu  --filesys-size=2 -p tests/userprog/bad-write2 -a bad-write2 -- -q   -f run bad-write2 < /dev/null 2> tests/userprog/bad-write2.errors > tests/userprog/bad-write2.output
perl -I../.. ../../tests/userprog/bad-write2.ck tests/userprog/bad-write2 tests/userprog/bad-write2.result
pass tests/userprog/bad-write2
pintos -v -k -T 60 --qemu  --filesys-size=2 -p tests/userprog/bad-jump -a bad-jump -- -q   -f run bad-jump < /dev/null 2> tests/userprog/bad-jump.errors > tests/userprog/bad-jump.output
perl -I../.. ../../tests/userprog/bad-jump.ck tests/userprog/bad-jump tests/userprog/bad-jump.result
pass tests/userprog/bad-jump
pintos -v -k -T 60 --qemu  --filesys-size=2 -p tests/userprog/bad-jump2 -a bad-jump2 -- -q   -f run bad-jump2 < /dev/null 2> tests/userprog/bad-jump2.errors > tests/userprog/bad-jump2.output
perl -I../.. ../../tests/userprog/bad-jump2.ck tests/userprog/bad-jump2 tests/userprog/bad-jump2.result
pass tests/userprog/bad-jump2
pintos -v -k -T 60 --qemu  --filesys-size=2 -p tests/userprog/iloveos -a iloveos -- -q   -f run iloveos < /dev/null 2> tests/userprog/iloveos.errors > tests/userprog/iloveos.output
perl -I../.. ../../tests/userprog/iloveos.ck tests/userprog/iloveos tests/userprog/iloveos.result
FAIL tests/userprog/iloveos
Kernel panic in run: PANIC at ../../userprog/exception.c:92 in kill(): Kernel bug - unexpected interrupt in kernel
Call stack: 0xc002a91c 0xc002e9ed 0xc002eb0b 0xc002214c 0xc00223a2 0xc002eb4e 0xc002ed75 0xc002f0d1 0xc002f2f7 0xc002214c 0xc00223a2 0x804ac53 0x80480c3 0x80480f6 0x804896b
Translation of call stack:
In kernel.o:
0xc002a91c: debug_panic (/home/cc/cs162/sp22/class/cs162-acq/code/group/src/lib/kernel/debug.c:35)
0xc002e9ed: kill (/home/cc/cs162/sp22/class/cs162-acq/code/group/src/userprog/exception.c:97)
0xc002eb0b: page_fault (/home/cc/cs162/sp22/class/cs162-acq/code/group/src/userprog/exception.c:147)
0xc002214c: intr_handler (/home/cc/cs162/sp22/class/cs162-acq/code/group/src/threads/interrupt.c:339)
0xc00223a2: intr_entry (threads/intr-stubs.S:38)
0xc002eb4e: put_user (/home/cc/cs162/sp22/class/cs162-acq/code/group/src/userprog/syscall.c:38)
0xc002ed75: check_valid_frame (/home/cc/cs162/sp22/class/cs162-acq/code/group/src/userprog/syscall.c:99)
0xc002f0d1: write_syscall (/home/cc/cs162/sp22/class/cs162-acq/code/group/src/userprog/syscall.c:200)
0xc002f2f7: syscall_handler (/home/cc/cs162/sp22/class/cs162-acq/code/group/src/userprog/syscall.c:306)
0xc002214c: intr_handler (/home/cc/cs162/sp22/class/cs162-acq/code/group/src/threads/interrupt.c:339)
0xc00223a2: intr_entry (threads/intr-stubs.S:38)
In tests/userprog/iloveos:
0x0804ac53: write (/home/cc/cs162/sp22/class/cs162-acq/code/group/src/lib/user/syscall.c:96)
0x080480c3: test_main (/home/cc/cs162/sp22/class/cs162-acq/code/group/src/tests/userprog/iloveos.c:10)
0x080480f6: main (/home/cc/cs162/sp22/class/cs162-acq/code/group/src/tests/main.c:14)
0x0804896b: _start (/home/cc/cs162/sp22/class/cs162-acq/code/group/src/lib/user/entry.c:6)
Translations of user virtual addresses above are based on a guess at
the binary to use.  If this guess is incorrect, then those
translations will be misleading.
pintos -v -k -T 60 --qemu  --filesys-size=2 -p tests/userprog/practice -a practice -- -q   -f run practice < /dev/null 2> tests/userprog/practice.errors > tests/userprog/practice.output
perl -I../.. ../../tests/userprog/practice.ck tests/userprog/practice tests/userprog/practice.result
FAIL tests/userprog/practice
Kernel panic in run: PANIC at ../../userprog/exception.c:92 in kill(): Kernel bug - unexpected interrupt in kernel
Call stack: 0xc002a91c 0xc002e9ed 0xc002eb0b 0xc002214c 0xc00223a2 0xc002eb4e 0xc002ed75 0xc002f0d1 0xc002f2f7 0xc002214c 0xc00223a2 0x804ac78 0x804b018 0x80480e8 0x804811b 0x8048990
Translation of call stack:
In kernel.o:
0xc002a91c: debug_panic (/home/cc/cs162/sp22/class/cs162-acq/code/group/src/lib/kernel/debug.c:35)
0xc002e9ed: kill (/home/cc/cs162/sp22/class/cs162-acq/code/group/src/userprog/exception.c:97)
0xc002eb0b: page_fault (/home/cc/cs162/sp22/class/cs162-acq/code/group/src/userprog/exception.c:147)
0xc002214c: intr_handler (/home/cc/cs162/sp22/class/cs162-acq/code/group/src/threads/interrupt.c:339)
0xc00223a2: intr_entry (threads/intr-stubs.S:38)
0xc002eb4e: put_user (/home/cc/cs162/sp22/class/cs162-acq/code/group/src/userprog/syscall.c:38)
0xc002ed75: check_valid_frame (/home/cc/cs162/sp22/class/cs162-acq/code/group/src/userprog/syscall.c:99)
0xc002f0d1: write_syscall (/home/cc/cs162/sp22/class/cs162-acq/code/group/src/userprog/syscall.c:200)
0xc002f2f7: syscall_handler (/home/cc/cs162/sp22/class/cs162-acq/code/group/src/userprog/syscall.c:306)
0xc002214c: intr_handler (/home/cc/cs162/sp22/class/cs162-acq/code/group/src/threads/interrupt.c:339)
0xc00223a2: intr_entry (threads/intr-stubs.S:38)
In tests/userprog/practice:
0x0804ac78: write (/home/cc/cs162/sp22/class/cs162-acq/code/group/src/lib/user/syscall.c:96)
0x0804b018: puts (/home/cc/cs162/sp22/class/cs162-acq/code/group/src/lib/user/console.c:26)
0x080480e8: test_main (/home/cc/cs162/sp22/class/cs162-acq/code/group/src/tests/userprog/practice.c:17)
0x0804811b: main (/home/cc/cs162/sp22/class/cs162-acq/code/group/src/tests/main.c:14)
0x08048990: _start (/home/cc/cs162/sp22/class/cs162-acq/code/group/src/lib/user/entry.c:6)
Translations of user virtual addresses above are based on a guess at
the binary to use.  If this guess is incorrect, then those
translations will be misleading.
pintos -v -k -T 60 --qemu  --filesys-size=2 -p tests/userprog/stack-align-1 -a stack-align-1 -- -q   -f run stack-align-1 < /dev/null 2> tests/userprog/stack-align-1.errors > tests/userprog/stack-align-1.output
perl -I../.. ../../tests/userprog/stack-align-1.ck tests/userprog/stack-align-1 tests/userprog/stack-align-1.result
pass tests/userprog/stack-align-1
pintos -v -k -T 60 --qemu  --filesys-size=2 -p tests/userprog/stack-align-2 -a stack-align-2 -- -q   -f run 'stack-align-2 a' < /dev/null 2> tests/userprog/stack-align-2.errors > tests/userprog/stack-align-2.output
perl -I../.. ../../tests/userprog/stack-align-2.ck tests/userprog/stack-align-2 tests/userprog/stack-align-2.result
pass tests/userprog/stack-align-2
pintos -v -k -T 60 --qemu  --filesys-size=2 -p tests/userprog/stack-align-3 -a stack-align-3 -- -q   -f run 'stack-align-3 ab' < /dev/null 2> tests/userprog/stack-align-3.errors > tests/userprog/stack-align-3.output
perl -I../.. ../../tests/userprog/stack-align-3.ck tests/userprog/stack-align-3 tests/userprog/stack-align-3.result
pass tests/userprog/stack-align-3
pintos -v -k -T 60 --qemu  --filesys-size=2 -p tests/userprog/stack-align-4 -a stack-align-4 -- -q   -f run 'stack-align-4 ab cd' < /dev/null 2> tests/userprog/stack-align-4.errors > tests/userprog/stack-align-4.output
perl -I../.. ../../tests/userprog/stack-align-4.ck tests/userprog/stack-align-4 tests/userprog/stack-align-4.result
pass tests/userprog/stack-align-4
pintos -v -k -T 60 --qemu  --filesys-size=2 -p tests/userprog/floating-point -a floating-point -- -q   -f run floating-point < /dev/null 2> tests/userprog/floating-point.errors > tests/userprog/floating-point.output
perl -I../.. ../../tests/userprog/floating-point.ck tests/userprog/floating-point tests/userprog/floating-point.result
FAIL tests/userprog/floating-point
Test output failed to match any acceptable form.

Acceptable output:
  (floating-point) begin
  (floating-point) Computing e...
  (floating-point) Success!
  floating-point: exit(162)
Differences in `diff -u' format:
  (floating-point) begin
  (floating-point) Computing e...
- (floating-point) Success!
- floating-point: exit(162)
+ floating-point: dying due to interrupt 0x07 (#NM Device Not Available Exception).
+ Interrupt 0x07 (#NM Device Not Available Exception) at eip=0x804ab4c
+  cr2=00000000 error=00000000
+  eax=00000000 ebx=00000000 ecx=00000020 edx=0804cb40
+  esi=00000000 edi=00000000 esp=bfffff3c ebp=bfffff58
+  cs=001b ds=0023 es=0023 ss=0023
+ floating-point: exit(-1)
pintos -v -k -T 60 --qemu  --filesys-size=2 -p tests/userprog/fp-simul -a fp-simul -p tests/userprog/compute-e -a compute-e -- -q   -f run fp-simul < /dev/null 2> tests/userprog/fp-simul.errors > tests/userprog/fp-simul.output
perl -I../.. ../../tests/userprog/fp-simul.ck tests/userprog/fp-simul tests/userprog/fp-simul.result
FAIL tests/userprog/fp-simul
Test output failed to match any acceptable form.

Acceptable output:
  (fp-simul) begin
  (fp-simul) Computing e...
  (compute-e) Success!
  compute-e: exit(162)
  (fp-simul) Success!
  fp-simul: exit(162)
Differences in `diff -u' format:
  (fp-simul) begin
  (fp-simul) Computing e...
- (compute-e) Success!
- compute-e: exit(162)
- (fp-simul) Success!
- fp-simul: exit(162)
+ fp-simul: dying due to interrupt 0x07 (#NM Device Not Available Exception).
+ Interrupt 0x07 (#NM Device Not Available Exception) at eip=0x804ab66
+  cr2=00000000 error=00000000
+  eax=00000000 ebx=00000000 ecx=0000001a edx=0804cb60
+  esi=00000000 edi=00000000 esp=bfffff3c ebp=bfffff58
+  cs=001b ds=0023 es=0023 ss=0023
+ fp-simul: exit(-1)
pintos -v -k -T 60 --qemu  --filesys-size=2 -p tests/userprog/fp-asm -a fp-asm -p tests/userprog/fp-asm-helper -a fp-asm-helper -- -q   -f run fp-asm < /dev/null 2> tests/userprog/fp-asm.errors > tests/userprog/fp-asm.output
perl -I../.. ../../tests/userprog/fp-asm.ck tests/userprog/fp-asm tests/userprog/fp-asm.result
FAIL tests/userprog/fp-asm
Test output failed to match any acceptable form.

Acceptable output:
  (fp-asm) begin
  (fp-asm) Starting...
  fp-asm-helper: exit(0)
  fp-asm: exit(162)
Differences in `diff -u' format:
  (fp-asm) begin
  (fp-asm) Starting...
- fp-asm-helper: exit(0)
- fp-asm: exit(162)
+ fp-asm: dying due to interrupt 0x07 (#NM Device Not Available Exception).
+ Interrupt 0x07 (#NM Device Not Available Exception) at eip=0x8048147
+  cr2=00000000 error=00000000
+  eax=00000001 ebx=00000000 ecx=00000015 edx=00000000
+  esi=00000000 edi=00000000 esp=bfffff58 ebp=bfffff5c
+  cs=001b ds=0023 es=0023 ss=0023
+ fp-asm: exit(-1)
pintos -v -k -T 60 --qemu  --filesys-size=2 -p tests/userprog/fp-syscall -a fp-syscall -- -q   -f run fp-syscall < /dev/null 2> tests/userprog/fp-syscall.errors > tests/userprog/fp-syscall.output
perl -I../.. ../../tests/userprog/fp-syscall.ck tests/userprog/fp-syscall tests/userprog/fp-syscall.result
FAIL tests/userprog/fp-syscall
Test output failed to match any acceptable form.

Acceptable output:
  (fp-syscall) begin
  (fp-syscall) Computing e...
  (fp-syscall) Success!
  (fp-syscall) Kernel computation successful
  fp-syscall: exit(162)
Differences in `diff -u' format:
  (fp-syscall) begin
  (fp-syscall) Computing e...
- (fp-syscall) Success!
- (fp-syscall) Kernel computation successful
- fp-syscall: exit(162)
+ fp-syscall: dying due to interrupt 0x07 (#NM Device Not Available Exception).
+ Interrupt 0x07 (#NM Device Not Available Exception) at eip=0x8048217
+  cr2=00000000 error=00000000
+  eax=00000001 ebx=00000000 ecx=0000001c edx=00000000
+  esi=00000000 edi=00000000 esp=bffffe58 ebp=bffffe5c
+  cs=001b ds=0023 es=0023 ss=0023
+ fp-syscall: exit(-1)
pintos -v -k -T 60 --qemu  --filesys-size=2 -p tests/userprog/fp-kernel-e -a fp-kernel-e -- -q   -f run fp-kernel-e < /dev/null 2> tests/userprog/fp-kernel-e.errors > tests/userprog/fp-kernel-e.output
perl -I../.. ../../tests/userprog/fp-kernel-e.ck tests/userprog/fp-kernel-e tests/userprog/fp-kernel-e.result
FAIL tests/userprog/fp-kernel-e
Test output failed to match any acceptable form.

Acceptable output:
  (fp-kernel-e) begin
  (fp-kernel-e) Computing e...
  (fp-kernel-e) Success!
  fp-kernel-e: exit(162)
Differences in `diff -u' format:
  (fp-kernel-e) begin
  (fp-kernel-e) Computing e...
- (fp-kernel-e) Success!
- fp-kernel-e: exit(162)
+ fp-kernel-e: dying due to interrupt 0x07 (#NM Device Not Available Exception).
+ Interrupt 0x07 (#NM Device Not Available Exception) at eip=0x804ae92
+  cr2=00000000 error=00000000
+  eax=00000000 ebx=00000000 ecx=0000001d edx=0804cb40
+  esi=00000000 edi=00000000 esp=bfffff48 ebp=bfffff58
+  cs=001b ds=0023 es=0023 ss=0023
+ fp-kernel-e: exit(-1)
pintos -v -k -T 60 --qemu  --filesys-size=2 -p tests/userprog/fp-init -a fp-init -- -q   -f run fp-init < /dev/null 2> tests/userprog/fp-init.errors > tests/userprog/fp-init.output
perl -I../.. ../../tests/userprog/fp-init.ck tests/userprog/fp-init tests/userprog/fp-init.result
FAIL tests/userprog/fp-init
Test output failed to match any acceptable form.

Acceptable output:
  (fp-init) begin
  (fp-init) Success!
  fp-init: exit(162)
Differences in `diff -u' format:
  (fp-init) begin
- (fp-init) Success!
- fp-init: exit(162)
+ fp-init: dying due to interrupt 0x07 (#NM Device Not Available Exception).
+ Interrupt 0x07 (#NM Device Not Available Exception) at eip=0x80480a7
+  cr2=00000000 error=00000000
+  eax=bfffff24 ebx=00000000 ecx=00000003 edx=bffffeb8
+  esi=00000000 edi=00000000 esp=bffffe90 ebp=bfffff98
+  cs=001b ds=0023 es=0023 ss=0023
+ fp-init: exit(-1)
pintos -v -k -T 60 --qemu  --filesys-size=2  -- -q   -f rukt fp-kasm < /dev/null 2> tests/userprog/kernel/fp-kasm.errors > tests/userprog/kernel/fp-kasm.output
perl -I../.. ../../tests/userprog/kernel/fp-kasm.ck tests/userprog/kernel/fp-kasm tests/userprog/kernel/fp-kasm.result
FAIL tests/userprog/kernel/fp-kasm
Kernel panic in run: PANIC at ../../userprog/exception.c:92 in kill(): Kernel bug - unexpected interrupt in kernel
Call stack: 0xc002a91c 0xc002e9ed 0xc002214c 0xc00223a2 0xc0031775 0xc00317d3 0xc003184f 0xc0031726 0xc0020a64 0xc0020b57 0xc00203d9
Translation of call stack:
0xc002a91c: debug_panic (/home/cc/cs162/sp22/class/cs162-acq/code/group/src/lib/kernel/debug.c:35)
0xc002e9ed: kill (/home/cc/cs162/sp22/class/cs162-acq/code/group/src/userprog/exception.c:97)
0xc002214c: intr_handler (/home/cc/cs162/sp22/class/cs162-acq/code/group/src/threads/interrupt.c:339)
0xc00223a2: intr_entry (threads/intr-stubs.S:38)
0xc0031775: fpu_push (/home/cc/cs162/sp22/class/cs162-acq/code/group/src/lib/float.h:9)
0xc00317d3: fpu_push_pop (/home/cc/cs162/sp22/class/cs162-acq/code/group/src/tests/userprog/kernel/fp-kasm.c:32)
0xc003184f: test_fp_kasm (/home/cc/cs162/sp22/class/cs162-acq/code/group/src/tests/userprog/kernel/fp-kasm.c:43)
0xc0031726: run_userprog_test (/home/cc/cs162/sp22/class/cs162-acq/code/group/src/tests/userprog/kernel/tests.c:20)
0xc0020a64: run_userprog_kernel_task (/home/cc/cs162/sp22/class/cs162-acq/code/group/src/threads/init.c:329)
0xc0020b57: run_actions (/home/cc/cs162/sp22/class/cs162-acq/code/group/src/threads/init.c:390)
0xc00203d9: main (/home/cc/cs162/sp22/class/cs162-acq/code/group/src/threads/init.c:139)
pintos -v -k -T 60 --qemu  --filesys-size=2  -- -q   -f rukt fp-kinit < /dev/null 2> tests/userprog/kernel/fp-kinit.errors > tests/userprog/kernel/fp-kinit.output
perl -I../.. ../../tests/userprog/kernel/fp-kinit.ck tests/userprog/kernel/fp-kinit tests/userprog/kernel/fp-kinit.result
FAIL tests/userprog/kernel/fp-kinit
Kernel panic in run: PANIC at ../../userprog/exception.c:92 in kill(): Kernel bug - unexpected interrupt in kernel
Call stack: 0xc002a91c 0xc002e9ed 0xc002214c 0xc00223a2 0xc003188b 0xc003191f 0xc0031726 0xc0020a64 0xc0020b57 0xc00203d9
Translation of call stack:
0xc002a91c: debug_panic (/home/cc/cs162/sp22/class/cs162-acq/code/group/src/lib/kernel/debug.c:35)
0xc002e9ed: kill (/home/cc/cs162/sp22/class/cs162-acq/code/group/src/userprog/exception.c:97)
0xc002214c: intr_handler (/home/cc/cs162/sp22/class/cs162-acq/code/group/src/threads/interrupt.c:339)
0xc00223a2: intr_entry (threads/intr-stubs.S:38)
0xc003188b: fpu_push (/home/cc/cs162/sp22/class/cs162-acq/code/group/src/lib/float.h:9)
0xc003191f: test_fp_kinit (/home/cc/cs162/sp22/class/cs162-acq/code/group/src/tests/userprog/kernel/fp-kinit.c:29)
0xc0031726: run_userprog_test (/home/cc/cs162/sp22/class/cs162-acq/code/group/src/tests/userprog/kernel/tests.c:20)
0xc0020a64: run_userprog_kernel_task (/home/cc/cs162/sp22/class/cs162-acq/code/group/src/threads/init.c:329)
0xc0020b57: run_actions (/home/cc/cs162/sp22/class/cs162-acq/code/group/src/threads/init.c:390)
0xc00203d9: main (/home/cc/cs162/sp22/class/cs162-acq/code/group/src/threads/init.c:139)
pintos -v -k -T 360 --qemu  --filesys-size=2 -p tests/userprog/no-vm/multi-oom -a multi-oom -- -q   -f run multi-oom < /dev/null 2> tests/userprog/no-vm/multi-oom.errors > tests/userprog/no-vm/multi-oom.output
perl -I../.. ../../tests/userprog/no-vm/multi-oom.ck tests/userprog/no-vm/multi-oom tests/userprog/no-vm/multi-oom.result
FAIL tests/userprog/no-vm/multi-oom
run: should have forked at least 30 times.: FAILED
pintos -v -k -T 60 --qemu  --filesys-size=2 -p tests/filesys/base/lg-create -a lg-create -- -q   -f run lg-create < /dev/null 2> tests/filesys/base/lg-create.errors > tests/filesys/base/lg-create.output
perl -I../.. ../../tests/filesys/base/lg-create.ck tests/filesys/base/lg-create tests/filesys/base/lg-create.result
FAIL tests/filesys/base/lg-create
Kernel panic in run: PANIC at ../../threads/malloc.c:242 in block_to_arena(): assertion `a->magic == ARENA_MAGIC' failed.
Call stack: 0xc002a91c 0xc00243c7 0xc002422f 0xc002f59f 0xc002214c 0xc00223a2 0x804ae4d 0x80487b4 0x80480fb 0x8048aef 0x8048b1a
Translation of call stack:
In kernel.o:
0xc002a91c: debug_panic (/home/cc/cs162/sp22/class/cs162-acq/code/group/src/lib/kernel/debug.c:35)
0xc00243c7: block_to_arena (/home/cc/cs162/sp22/class/cs162-acq/code/group/src/threads/malloc.c:245)
0xc002422f: free (/home/cc/cs162/sp22/class/cs162-acq/code/group/src/threads/malloc.c:199)
0xc002f59f: syscall_handler (/home/cc/cs162/sp22/class/cs162-acq/code/group/src/userprog/syscall.c:376)
0xc002214c: intr_handler (/home/cc/cs162/sp22/class/cs162-acq/code/group/src/threads/interrupt.c:339)
0xc00223a2: intr_entry (threads/intr-stubs.S:38)
In tests/filesys/base/lg-create:
0x0804ae4d: close (/home/cc/cs162/sp22/class/cs162-acq/code/group/src/lib/user/syscall.c:103)
0x080487b4: check_file (/home/cc/cs162/sp22/class/cs162-acq/code/group/src/tests/lib.c:184)
0x080480fb: test_main (/home/cc/cs162/sp22/class/cs162-acq/code/group/src/tests/filesys/create.inc:15)
0x08048aef: main (/home/cc/cs162/sp22/class/cs162-acq/code/group/src/tests/main.c:14)
0x08048b1a: _start (/home/cc/cs162/sp22/class/cs162-acq/code/group/src/lib/user/entry.c:6)
Translations of user virtual addresses above are based on a guess at
the binary to use.  If this guess is incorrect, then those
translations will be misleading.
pintos -v -k -T 60 --qemu  --filesys-size=2 -p tests/filesys/base/lg-full -a lg-full -- -q   -f run lg-full < /dev/null 2> tests/filesys/base/lg-full.errors > tests/filesys/base/lg-full.output
perl -I../.. ../../tests/filesys/base/lg-full.ck tests/filesys/base/lg-full tests/filesys/base/lg-full.result
FAIL tests/filesys/base/lg-full
Kernel panic in run: PANIC at ../../threads/malloc.c:242 in block_to_arena(): assertion `a->magic == ARENA_MAGIC' failed.
Call stack: 0xc002a91c 0xc00243c7 0xc002422f 0xc002f59f 0xc002214c 0xc00223a2 0x804ae2a 0x8048a80 0x80480d8 0x8048acc 0x8048af7
Translation of call stack:
In kernel.o:
0xc002a91c: debug_panic (/home/cc/cs162/sp22/class/cs162-acq/code/group/src/lib/kernel/debug.c:35)
0xc00243c7: block_to_arena (/home/cc/cs162/sp22/class/cs162-acq/code/group/src/threads/malloc.c:245)
0xc002422f: free (/home/cc/cs162/sp22/class/cs162-acq/code/group/src/threads/malloc.c:199)
0xc002f59f: syscall_handler (/home/cc/cs162/sp22/class/cs162-acq/code/group/src/userprog/syscall.c:376)
0xc002214c: intr_handler (/home/cc/cs162/sp22/class/cs162-acq/code/group/src/threads/interrupt.c:339)
0xc00223a2: intr_entry (threads/intr-stubs.S:38)
In tests/filesys/base/lg-full:
0x0804ae2a: close (/home/cc/cs162/sp22/class/cs162-acq/code/group/src/lib/user/syscall.c:103)
0x08048a80: seq_test (/home/cc/cs162/sp22/class/cs162-acq/code/group/src/tests/filesys/seq-test.c:31)
0x080480d8: test_main (/home/cc/cs162/sp22/class/cs162-acq/code/group/src/tests/filesys/base/full.inc:20)
0x08048acc: main (/home/cc/cs162/sp22/class/cs162-acq/code/group/src/tests/main.c:14)
0x08048af7: _start (/home/cc/cs162/sp22/class/cs162-acq/code/group/src/lib/user/entry.c:6)
Translations of user virtual addresses above are based on a guess at
the binary to use.  If this guess is incorrect, then those
translations will be misleading.
pintos -v -k -T 60 --qemu  --filesys-size=2 -p tests/filesys/base/lg-random -a lg-random -- -q   -f run lg-random < /dev/null 2> tests/filesys/base/lg-random.errors > tests/filesys/base/lg-random.output
perl -I../.. ../../tests/filesys/base/lg-random.ck tests/filesys/base/lg-random tests/filesys/base/lg-random.result
FAIL tests/filesys/base/lg-random
Kernel panic in run: PANIC at ../../threads/malloc.c:242 in block_to_arena(): assertion `a->magic == ARENA_MAGIC' failed.
Call stack: 0xc002a91c 0xc00243c7 0xc002422f 0xc002f59f 0xc002214c 0xc00223a2 0x804b053 0x8048301 0x8048cf5 0x8048d20
Translation of call stack:
In kernel.o:
0xc002a91c: debug_panic (/home/cc/cs162/sp22/class/cs162-acq/code/group/src/lib/kernel/debug.c:35)
0xc00243c7: block_to_arena (/home/cc/cs162/sp22/class/cs162-acq/code/group/src/threads/malloc.c:245)
0xc002422f: free (/home/cc/cs162/sp22/class/cs162-acq/code/group/src/threads/malloc.c:199)
0xc002f59f: syscall_handler (/home/cc/cs162/sp22/class/cs162-acq/code/group/src/userprog/syscall.c:376)
0xc002214c: intr_handler (/home/cc/cs162/sp22/class/cs162-acq/code/group/src/threads/interrupt.c:339)
0xc00223a2: intr_entry (threads/intr-stubs.S:38)
In tests/filesys/base/lg-random:
0x0804b053: close (/home/cc/cs162/sp22/class/cs162-acq/code/group/src/lib/user/syscall.c:103)
0x08048301: test_main (/home/cc/cs162/sp22/class/cs162-acq/code/group/src/tests/filesys/base/random.inc:59)
0x08048cf5: main (/home/cc/cs162/sp22/class/cs162-acq/code/group/src/tests/main.c:14)
0x08048d20: _start (/home/cc/cs162/sp22/class/cs162-acq/code/group/src/lib/user/entry.c:6)
Translations of user virtual addresses above are based on a guess at
the binary to use.  If this guess is incorrect, then those
translations will be misleading.
pintos -v -k -T 60 --qemu  --filesys-size=2 -p tests/filesys/base/lg-seq-block -a lg-seq-block -- -q   -f run lg-seq-block < /dev/null 2> tests/filesys/base/lg-seq-block.errors > tests/filesys/base/lg-seq-block.output
perl -I../.. ../../tests/filesys/base/lg-seq-block.ck tests/filesys/base/lg-seq-block tests/filesys/base/lg-seq-block.result
FAIL tests/filesys/base/lg-seq-block
Kernel panic in run: PANIC at ../../threads/malloc.c:242 in block_to_arena(): assertion `a->magic == ARENA_MAGIC' failed.
Call stack: 0xc002a91c 0xc00243c7 0xc002422f 0xc002f59f 0xc002214c 0xc00223a2 0x804ae2a 0x8048a80 0x80480d8 0x8048acc 0x8048af7
Translation of call stack:
In kernel.o:
0xc002a91c: debug_panic (/home/cc/cs162/sp22/class/cs162-acq/code/group/src/lib/kernel/debug.c:35)
0xc00243c7: block_to_arena (/home/cc/cs162/sp22/class/cs162-acq/code/group/src/threads/malloc.c:245)
0xc002422f: free (/home/cc/cs162/sp22/class/cs162-acq/code/group/src/threads/malloc.c:199)
0xc002f59f: syscall_handler (/home/cc/cs162/sp22/class/cs162-acq/code/group/src/userprog/syscall.c:376)
0xc002214c: intr_handler (/home/cc/cs162/sp22/class/cs162-acq/code/group/src/threads/interrupt.c:339)
0xc00223a2: intr_entry (threads/intr-stubs.S:38)
In tests/filesys/base/lg-seq-block:
0x0804ae2a: close (/home/cc/cs162/sp22/class/cs162-acq/code/group/src/lib/user/syscall.c:103)
0x08048a80: seq_test (/home/cc/cs162/sp22/class/cs162-acq/code/group/src/tests/filesys/seq-test.c:31)
0x080480d8: test_main (/home/cc/cs162/sp22/class/cs162-acq/code/group/src/tests/filesys/base/seq-block.inc:20)
0x08048acc: main (/home/cc/cs162/sp22/class/cs162-acq/code/group/src/tests/main.c:14)
0x08048af7: _start (/home/cc/cs162/sp22/class/cs162-acq/code/group/src/lib/user/entry.c:6)
Translations of user virtual addresses above are based on a guess at
the binary to use.  If this guess is incorrect, then those
translations will be misleading.
pintos -v -k -T 60 --qemu  --filesys-size=2 -p tests/filesys/base/lg-seq-random -a lg-seq-random -- -q   -f run lg-seq-random < /dev/null 2> tests/filesys/base/lg-seq-random.errors > tests/filesys/base/lg-seq-random.output
perl -I../.. ../../tests/filesys/base/lg-seq-random.ck tests/filesys/base/lg-seq-random tests/filesys/base/lg-seq-random.result
FAIL tests/filesys/base/lg-seq-random
Kernel panic in run: PANIC at ../../threads/malloc.c:242 in block_to_arena(): assertion `a->magic == ARENA_MAGIC' failed.
Call stack: 0xc002a91c 0xc00243c7 0xc002422f 0xc002f59f 0xc002214c 0xc00223a2 0x804ae54 0x8048aaa 0x8048102 0x8048af6 0x8048b21
Translation of call stack:
In kernel.o:
0xc002a91c: debug_panic (/home/cc/cs162/sp22/class/cs162-acq/code/group/src/lib/kernel/debug.c:35)
0xc00243c7: block_to_arena (/home/cc/cs162/sp22/class/cs162-acq/code/group/src/threads/malloc.c:245)
0xc002422f: free (/home/cc/cs162/sp22/class/cs162-acq/code/group/src/threads/malloc.c:199)
0xc002f59f: syscall_handler (/home/cc/cs162/sp22/class/cs162-acq/code/group/src/userprog/syscall.c:376)
0xc002214c: intr_handler (/home/cc/cs162/sp22/class/cs162-acq/code/group/src/threads/interrupt.c:339)
0xc00223a2: intr_entry (threads/intr-stubs.S:38)
In tests/filesys/base/lg-seq-random:
0x0804ae54: close (/home/cc/cs162/sp22/class/cs162-acq/code/group/src/lib/user/syscall.c:103)
0x08048aaa: seq_test (/home/cc/cs162/sp22/class/cs162-acq/code/group/src/tests/filesys/seq-test.c:31)
0x08048102: test_main (/home/cc/cs162/sp22/class/cs162-acq/code/group/src/tests/filesys/base/seq-random.inc:22)
0x08048af6: main (/home/cc/cs162/sp22/class/cs162-acq/code/group/src/tests/main.c:14)
0x08048b21: _start (/home/cc/cs162/sp22/class/cs162-acq/code/group/src/lib/user/entry.c:6)
Translations of user virtual addresses above are based on a guess at
the binary to use.  If this guess is incorrect, then those
translations will be misleading.
pintos -v -k -T 60 --qemu  --filesys-size=2 -p tests/filesys/base/sm-create -a sm-create -- -q   -f run sm-create < /dev/null 2> tests/filesys/base/sm-create.errors > tests/filesys/base/sm-create.output
perl -I../.. ../../tests/filesys/base/sm-create.ck tests/filesys/base/sm-create tests/filesys/base/sm-create.result
FAIL tests/filesys/base/sm-create
Kernel panic in run: PANIC at ../../threads/malloc.c:242 in block_to_arena(): assertion `a->magic == ARENA_MAGIC' failed.
Call stack: 0xc002a91c 0xc00243c7 0xc002422f 0xc002f59f 0xc002214c 0xc00223a2 0x804ae4d 0x80487b4 0x80480fb 0x8048aef 0x8048b1a
Translation of call stack:
In kernel.o:
0xc002a91c: debug_panic (/home/cc/cs162/sp22/class/cs162-acq/code/group/src/lib/kernel/debug.c:35)
0xc00243c7: block_to_arena (/home/cc/cs162/sp22/class/cs162-acq/code/group/src/threads/malloc.c:245)
0xc002422f: free (/home/cc/cs162/sp22/class/cs162-acq/code/group/src/threads/malloc.c:199)
0xc002f59f: syscall_handler (/home/cc/cs162/sp22/class/cs162-acq/code/group/src/userprog/syscall.c:376)
0xc002214c: intr_handler (/home/cc/cs162/sp22/class/cs162-acq/code/group/src/threads/interrupt.c:339)
0xc00223a2: intr_entry (threads/intr-stubs.S:38)
In tests/filesys/base/sm-create:
0x0804ae4d: close (/home/cc/cs162/sp22/class/cs162-acq/code/group/src/lib/user/syscall.c:103)
0x080487b4: check_file (/home/cc/cs162/sp22/class/cs162-acq/code/group/src/tests/lib.c:184)
0x080480fb: test_main (/home/cc/cs162/sp22/class/cs162-acq/code/group/src/tests/filesys/create.inc:15)
0x08048aef: main (/home/cc/cs162/sp22/class/cs162-acq/code/group/src/tests/main.c:14)
0x08048b1a: _start (/home/cc/cs162/sp22/class/cs162-acq/code/group/src/lib/user/entry.c:6)
Translations of user virtual addresses above are based on a guess at
the binary to use.  If this guess is incorrect, then those
translations will be misleading.
pintos -v -k -T 60 --qemu  --filesys-size=2 -p tests/filesys/base/sm-full -a sm-full -- -q   -f run sm-full < /dev/null 2> tests/filesys/base/sm-full.errors > tests/filesys/base/sm-full.output
perl -I../.. ../../tests/filesys/base/sm-full.ck tests/filesys/base/sm-full tests/filesys/base/sm-full.result
FAIL tests/filesys/base/sm-full
Kernel panic in run: PANIC at ../../threads/malloc.c:242 in block_to_arena(): assertion `a->magic == ARENA_MAGIC' failed.
Call stack: 0xc002a91c 0xc00243c7 0xc002422f 0xc002f59f 0xc002214c 0xc00223a2 0x804ae2a 0x8048a80 0x80480d8 0x8048acc 0x8048af7
Translation of call stack:
In kernel.o:
0xc002a91c: debug_panic (/home/cc/cs162/sp22/class/cs162-acq/code/group/src/lib/kernel/debug.c:35)
0xc00243c7: block_to_arena (/home/cc/cs162/sp22/class/cs162-acq/code/group/src/threads/malloc.c:245)
0xc002422f: free (/home/cc/cs162/sp22/class/cs162-acq/code/group/src/threads/malloc.c:199)
0xc002f59f: syscall_handler (/home/cc/cs162/sp22/class/cs162-acq/code/group/src/userprog/syscall.c:376)
0xc002214c: intr_handler (/home/cc/cs162/sp22/class/cs162-acq/code/group/src/threads/interrupt.c:339)
0xc00223a2: intr_entry (threads/intr-stubs.S:38)
In tests/filesys/base/sm-full:
0x0804ae2a: close (/home/cc/cs162/sp22/class/cs162-acq/code/group/src/lib/user/syscall.c:103)
0x08048a80: seq_test (/home/cc/cs162/sp22/class/cs162-acq/code/group/src/tests/filesys/seq-test.c:31)
0x080480d8: test_main (/home/cc/cs162/sp22/class/cs162-acq/code/group/src/tests/filesys/base/full.inc:20)
0x08048acc: main (/home/cc/cs162/sp22/class/cs162-acq/code/group/src/tests/main.c:14)
0x08048af7: _start (/home/cc/cs162/sp22/class/cs162-acq/code/group/src/lib/user/entry.c:6)
Translations of user virtual addresses above are based on a guess at
the binary to use.  If this guess is incorrect, then those
translations will be misleading.
pintos -v -k -T 60 --qemu  --filesys-size=2 -p tests/filesys/base/sm-random -a sm-random -- -q   -f run sm-random < /dev/null 2> tests/filesys/base/sm-random.errors > tests/filesys/base/sm-random.output
perl -I../.. ../../tests/filesys/base/sm-random.ck tests/filesys/base/sm-random tests/filesys/base/sm-random.result
FAIL tests/filesys/base/sm-random
Kernel panic in run: PANIC at ../../threads/malloc.c:242 in block_to_arena(): assertion `a->magic == ARENA_MAGIC' failed.
Call stack: 0xc002a91c 0xc00243c7 0xc002422f 0xc002f59f 0xc002214c 0xc00223a2 0x804b04d 0x80482fb 0x8048cef 0x8048d1a
Translation of call stack:
In kernel.o:
0xc002a91c: debug_panic (/home/cc/cs162/sp22/class/cs162-acq/code/group/src/lib/kernel/debug.c:35)
0xc00243c7: block_to_arena (/home/cc/cs162/sp22/class/cs162-acq/code/group/src/threads/malloc.c:245)
0xc002422f: free (/home/cc/cs162/sp22/class/cs162-acq/code/group/src/threads/malloc.c:199)
0xc002f59f: syscall_handler (/home/cc/cs162/sp22/class/cs162-acq/code/group/src/userprog/syscall.c:376)
0xc002214c: intr_handler (/home/cc/cs162/sp22/class/cs162-acq/code/group/src/threads/interrupt.c:339)
0xc00223a2: intr_entry (threads/intr-stubs.S:38)
In tests/filesys/base/sm-random:
0x0804b04d: close (/home/cc/cs162/sp22/class/cs162-acq/code/group/src/lib/user/syscall.c:103)
0x080482fb: test_main (/home/cc/cs162/sp22/class/cs162-acq/code/group/src/tests/filesys/base/random.inc:59)
0x08048cef: main (/home/cc/cs162/sp22/class/cs162-acq/code/group/src/tests/main.c:14)
0x08048d1a: _start (/home/cc/cs162/sp22/class/cs162-acq/code/group/src/lib/user/entry.c:6)
Translations of user virtual addresses above are based on a guess at
the binary to use.  If this guess is incorrect, then those
translations will be misleading.
pintos -v -k -T 60 --qemu  --filesys-size=2 -p tests/filesys/base/sm-seq-block -a sm-seq-block -- -q   -f run sm-seq-block < /dev/null 2> tests/filesys/base/sm-seq-block.errors > tests/filesys/base/sm-seq-block.output
perl -I../.. ../../tests/filesys/base/sm-seq-block.ck tests/filesys/base/sm-seq-block tests/filesys/base/sm-seq-block.result
FAIL tests/filesys/base/sm-seq-block
Kernel panic in run: PANIC at ../../threads/malloc.c:242 in block_to_arena(): assertion `a->magic == ARENA_MAGIC' failed.
Call stack: 0xc002a91c 0xc00243c7 0xc002422f 0xc002f59f 0xc002214c 0xc00223a2 0x804ae2a 0x8048a80 0x80480d8 0x8048acc 0x8048af7
Translation of call stack:
In kernel.o:
0xc002a91c: debug_panic (/home/cc/cs162/sp22/class/cs162-acq/code/group/src/lib/kernel/debug.c:35)
0xc00243c7: block_to_arena (/home/cc/cs162/sp22/class/cs162-acq/code/group/src/threads/malloc.c:245)
0xc002422f: free (/home/cc/cs162/sp22/class/cs162-acq/code/group/src/threads/malloc.c:199)
0xc002f59f: syscall_handler (/home/cc/cs162/sp22/class/cs162-acq/code/group/src/userprog/syscall.c:376)
0xc002214c: intr_handler (/home/cc/cs162/sp22/class/cs162-acq/code/group/src/threads/interrupt.c:339)
0xc00223a2: intr_entry (threads/intr-stubs.S:38)
In tests/filesys/base/sm-seq-block:
0x0804ae2a: close (/home/cc/cs162/sp22/class/cs162-acq/code/group/src/lib/user/syscall.c:103)
0x08048a80: seq_test (/home/cc/cs162/sp22/class/cs162-acq/code/group/src/tests/filesys/seq-test.c:31)
0x080480d8: test_main (/home/cc/cs162/sp22/class/cs162-acq/code/group/src/tests/filesys/base/seq-block.inc:20)
0x08048acc: main (/home/cc/cs162/sp22/class/cs162-acq/code/group/src/tests/main.c:14)
0x08048af7: _start (/home/cc/cs162/sp22/class/cs162-acq/code/group/src/lib/user/entry.c:6)
Translations of user virtual addresses above are based on a guess at
the binary to use.  If this guess is incorrect, then those
translations will be misleading.
pintos -v -k -T 60 --qemu  --filesys-size=2 -p tests/filesys/base/sm-seq-random -a sm-seq-random -- -q   -f run sm-seq-random < /dev/null 2> tests/filesys/base/sm-seq-random.errors > tests/filesys/base/sm-seq-random.output
perl -I../.. ../../tests/filesys/base/sm-seq-random.ck tests/filesys/base/sm-seq-random tests/filesys/base/sm-seq-random.result
FAIL tests/filesys/base/sm-seq-random
Kernel panic in run: PANIC at ../../threads/malloc.c:242 in block_to_arena(): assertion `a->magic == ARENA_MAGIC' failed.
Call stack: 0xc002a91c 0xc00243c7 0xc002422f 0xc002f59f 0xc002214c 0xc00223a2 0x804ae54 0x8048aaa 0x8048102 0x8048af6 0x8048b21
Translation of call stack:
In kernel.o:
0xc002a91c: debug_panic (/home/cc/cs162/sp22/class/cs162-acq/code/group/src/lib/kernel/debug.c:35)
0xc00243c7: block_to_arena (/home/cc/cs162/sp22/class/cs162-acq/code/group/src/threads/malloc.c:245)
0xc002422f: free (/home/cc/cs162/sp22/class/cs162-acq/code/group/src/threads/malloc.c:199)
0xc002f59f: syscall_handler (/home/cc/cs162/sp22/class/cs162-acq/code/group/src/userprog/syscall.c:376)
0xc002214c: intr_handler (/home/cc/cs162/sp22/class/cs162-acq/code/group/src/threads/interrupt.c:339)
0xc00223a2: intr_entry (threads/intr-stubs.S:38)
In tests/filesys/base/sm-seq-random:
0x0804ae54: close (/home/cc/cs162/sp22/class/cs162-acq/code/group/src/lib/user/syscall.c:103)
0x08048aaa: seq_test (/home/cc/cs162/sp22/class/cs162-acq/code/group/src/tests/filesys/seq-test.c:31)
0x08048102: test_main (/home/cc/cs162/sp22/class/cs162-acq/code/group/src/tests/filesys/base/seq-random.inc:22)
0x08048af6: main (/home/cc/cs162/sp22/class/cs162-acq/code/group/src/tests/main.c:14)
0x08048b21: _start (/home/cc/cs162/sp22/class/cs162-acq/code/group/src/lib/user/entry.c:6)
Translations of user virtual addresses above are based on a guess at
the binary to use.  If this guess is incorrect, then those
translations will be misleading.
pintos -v -k -T 300 --qemu  --filesys-size=2 -p tests/filesys/base/syn-read -a syn-read -p tests/filesys/base/child-syn-read -a child-syn-read -- -q   -f run syn-read < /dev/null 2> tests/filesys/base/syn-read.errors > tests/filesys/base/syn-read.output
perl -I../.. ../../tests/filesys/base/syn-read.ck tests/filesys/base/syn-read tests/filesys/base/syn-read.result
FAIL tests/filesys/base/syn-read
Kernel panic in run: PANIC at ../../threads/malloc.c:242 in block_to_arena(): assertion `a->magic == ARENA_MAGIC' failed.
Call stack: 0xc002a91c 0xc00243c7 0xc002422f 0xc002f59f 0xc002214c 0xc00223a2 0x804af13 0x8048193 0x8048bb5 0x8048be0
Translation of call stack:
In kernel.o:
0xc002a91c: debug_panic (/home/cc/cs162/sp22/class/cs162-acq/code/group/src/lib/kernel/debug.c:35)
0xc00243c7: block_to_arena (/home/cc/cs162/sp22/class/cs162-acq/code/group/src/threads/malloc.c:245)
0xc002422f: free (/home/cc/cs162/sp22/class/cs162-acq/code/group/src/threads/malloc.c:199)
0xc002f59f: syscall_handler (/home/cc/cs162/sp22/class/cs162-acq/code/group/src/userprog/syscall.c:376)
0xc002214c: intr_handler (/home/cc/cs162/sp22/class/cs162-acq/code/group/src/threads/interrupt.c:339)
0xc00223a2: intr_entry (threads/intr-stubs.S:38)
In tests/filesys/base/syn-read:
0x0804af13: close (/home/cc/cs162/sp22/class/cs162-acq/code/group/src/lib/user/syscall.c:103)
0x08048193: test_main (/home/cc/cs162/sp22/class/cs162-acq/code/group/src/tests/filesys/base/syn-read.c:27)
0x08048bb5: main (/home/cc/cs162/sp22/class/cs162-acq/code/group/src/tests/main.c:14)
0x08048be0: _start (/home/cc/cs162/sp22/class/cs162-acq/code/group/src/lib/user/entry.c:6)
Translations of user virtual addresses above are based on a guess at
the binary to use.  If this guess is incorrect, then those
translations will be misleading.
pintos -v -k -T 60 --qemu  --filesys-size=2 -p tests/filesys/base/syn-remove -a syn-remove -- -q   -f run syn-remove < /dev/null 2> tests/filesys/base/syn-remove.errors > tests/filesys/base/syn-remove.output
perl -I../.. ../../tests/filesys/base/syn-remove.ck tests/filesys/base/syn-remove tests/filesys/base/syn-remove.result
FAIL tests/filesys/base/syn-remove
Kernel panic in run: PANIC at ../../threads/malloc.c:242 in block_to_arena(): assertion `a->magic == ARENA_MAGIC' failed.
Call stack: 0xc002a91c 0xc00243c7 0xc002422f 0xc002f59f 0xc002214c 0xc00223a2 0x804afb0 0x804825e 0x8048c52 0x8048c7d
Translation of call stack:
In kernel.o:
0xc002a91c: debug_panic (/home/cc/cs162/sp22/class/cs162-acq/code/group/src/lib/kernel/debug.c:35)
0xc00243c7: block_to_arena (/home/cc/cs162/sp22/class/cs162-acq/code/group/src/threads/malloc.c:245)
0xc002422f: free (/home/cc/cs162/sp22/class/cs162-acq/code/group/src/threads/malloc.c:199)
0xc002f59f: syscall_handler (/home/cc/cs162/sp22/class/cs162-acq/code/group/src/userprog/syscall.c:376)
0xc002214c: intr_handler (/home/cc/cs162/sp22/class/cs162-acq/code/group/src/threads/interrupt.c:339)
0xc00223a2: intr_entry (threads/intr-stubs.S:38)
In tests/filesys/base/syn-remove:
0x0804afb0: close (/home/cc/cs162/sp22/class/cs162-acq/code/group/src/lib/user/syscall.c:103)
0x0804825e: test_main (/home/cc/cs162/sp22/class/cs162-acq/code/group/src/tests/filesys/base/syn-remove.c:28)
0x08048c52: main (/home/cc/cs162/sp22/class/cs162-acq/code/group/src/tests/main.c:14)
0x08048c7d: _start (/home/cc/cs162/sp22/class/cs162-acq/code/group/src/lib/user/entry.c:6)
Translations of user virtual addresses above are based on a guess at
the binary to use.  If this guess is incorrect, then those
translations will be misleading.
pintos -v -k -T 60 --qemu  --filesys-size=2 -p tests/filesys/base/syn-write -a syn-write -p tests/filesys/base/child-syn-wrt -a child-syn-wrt -- -q   -f run syn-write < /dev/null 2> tests/filesys/base/syn-write.errors > tests/filesys/base/syn-write.output
perl -I../.. ../../tests/filesys/base/syn-write.ck tests/filesys/base/syn-write tests/filesys/base/syn-write.result
FAIL tests/filesys/base/syn-write
run: wait for child 1 of 10 returned -1073742164 (expected 0): FAILED
pass tests/userprog/do-nothing
pass tests/userprog/stack-align-0
pass tests/userprog/args-none
pass tests/userprog/args-single
pass tests/userprog/args-multiple
pass tests/userprog/args-many
pass tests/userprog/args-dbl-space
pass tests/userprog/sc-bad-sp
pass tests/userprog/sc-bad-arg
pass tests/userprog/sc-boundary
pass tests/userprog/sc-boundary-2
pass tests/userprog/sc-boundary-3
pass tests/userprog/halt
pass tests/userprog/exit
pass tests/userprog/create-normal
pass tests/userprog/create-empty
FAIL tests/userprog/create-null
FAIL tests/userprog/create-bad-ptr
pass tests/userprog/create-long
pass tests/userprog/create-exists
pass tests/userprog/create-bound
pass tests/userprog/open-normal
pass tests/userprog/open-missing
pass tests/userprog/open-boundary
pass tests/userprog/open-empty
pass tests/userprog/open-null
pass tests/userprog/open-bad-ptr
pass tests/userprog/open-twice
FAIL tests/userprog/close-normal
FAIL tests/userprog/close-twice
pass tests/userprog/close-stdin
pass tests/userprog/close-stdout
pass tests/userprog/close-bad-fd
FAIL tests/userprog/read-normal
pass tests/userprog/read-bad-ptr
pass tests/userprog/read-boundary
pass tests/userprog/read-zero
pass tests/userprog/read-stdout
FAIL tests/userprog/read-bad-fd
pass tests/userprog/write-normal
FAIL tests/userprog/write-bad-ptr
pass tests/userprog/write-boundary
pass tests/userprog/write-zero
pass tests/userprog/write-stdin
pass tests/userprog/write-bad-fd
FAIL tests/userprog/exec-once
FAIL tests/userprog/exec-arg
FAIL tests/userprog/exec-bound
pass tests/userprog/exec-bound-2
FAIL tests/userprog/exec-bound-3
FAIL tests/userprog/exec-multiple
FAIL tests/userprog/exec-missing
pass tests/userprog/exec-bad-ptr
FAIL tests/userprog/wait-simple
FAIL tests/userprog/wait-twice
FAIL tests/userprog/wait-killed
pass tests/userprog/wait-bad-pid
FAIL tests/userprog/multi-recurse
FAIL tests/userprog/multi-child-fd
FAIL tests/userprog/rox-simple
FAIL tests/userprog/rox-child
FAIL tests/userprog/rox-multichild
pass tests/userprog/bad-read
pass tests/userprog/bad-write
pass tests/userprog/bad-read2
pass tests/userprog/bad-write2
pass tests/userprog/bad-jump
pass tests/userprog/bad-jump2
FAIL tests/userprog/iloveos
FAIL tests/userprog/practice
pass tests/userprog/stack-align-1
pass tests/userprog/stack-align-2
pass tests/userprog/stack-align-3
pass tests/userprog/stack-align-4
FAIL tests/userprog/floating-point
FAIL tests/userprog/fp-simul
FAIL tests/userprog/fp-asm
FAIL tests/userprog/fp-syscall
FAIL tests/userprog/fp-kernel-e
FAIL tests/userprog/fp-init
FAIL tests/userprog/kernel/fp-kasm
FAIL tests/userprog/kernel/fp-kinit
FAIL tests/userprog/no-vm/multi-oom
FAIL tests/filesys/base/lg-create
FAIL tests/filesys/base/lg-full
FAIL tests/filesys/base/lg-random
FAIL tests/filesys/base/lg-seq-block
FAIL tests/filesys/base/lg-seq-random
FAIL tests/filesys/base/sm-create
FAIL tests/filesys/base/sm-full
FAIL tests/filesys/base/sm-random
FAIL tests/filesys/base/sm-seq-block
FAIL tests/filesys/base/sm-seq-random
FAIL tests/filesys/base/syn-read
FAIL tests/filesys/base/syn-remove
FAIL tests/filesys/base/syn-write
45 of 96 tests failed.
../../tests/Make.tests:40: recipe for target 'check' failed
make[1]: Leaving directory '/home/cc/cs162/sp22/class/cs162-acq/code/group/src/userprog/build'
../Makefile.kernel:10: recipe for target 'check' failed
